::1 - - [28/Mar/2022:11:18:18 +0200] "GET / HTTP/1.1" 302 - "-" "Mozilla/5.0 (Windows NT 10.0; Win64; x64) AppleWebKit/537.36 (KHTML, like Gecko) Chrome/98.0.4758.109 Safari/537.36 OPR/84.0.4316.50"
::1 - - [28/Mar/2022:11:20:05 +0200] "GET /phpmyadmin/ HTTP/1.1" 200 16984 "-" "Mozilla/5.0 (Windows NT 10.0; Win64; x64) AppleWebKit/537.36 (KHTML, like Gecko) Chrome/98.0.4758.109 Safari/537.36 OPR/84.0.4316.50"
::1 - - [28/Mar/2022:11:20:11 +0200] "GET /phpmyadmin/themes/pmahomme/css/theme.css?v=5.1.3&nocache=194782634ltr&server=1 HTTP/1.1" 200 216144 "-" "Mozilla/5.0 (Windows NT 10.0; Win64; x64) AppleWebKit/537.36 (KHTML, like Gecko) Chrome/98.0.4758.109 Safari/537.36 OPR/84.0.4316.50"
::1 - - [28/Mar/2022:11:20:12 +0200] "POST /phpmyadmin/index.php?route=/config/get HTTP/1.1" 200 1604 "-" "Mozilla/5.0 (Windows NT 10.0; Win64; x64) AppleWebKit/537.36 (KHTML, like Gecko) Chrome/98.0.4758.109 Safari/537.36 OPR/84.0.4316.50"
::1 - - [28/Mar/2022:11:20:12 +0200] "POST /phpmyadmin/index.php?route=/navigation&ajax_request=1 HTTP/1.1" 200 2381 "-" "Mozilla/5.0 (Windows NT 10.0; Win64; x64) AppleWebKit/537.36 (KHTML, like Gecko) Chrome/98.0.4758.109 Safari/537.36 OPR/84.0.4316.50"
::1 - - [28/Mar/2022:11:20:12 +0200] "POST /phpmyadmin/index.php?route=/version-check HTTP/1.1" 200 48 "-" "Mozilla/5.0 (Windows NT 10.0; Win64; x64) AppleWebKit/537.36 (KHTML, like Gecko) Chrome/98.0.4758.109 Safari/537.36 OPR/84.0.4316.50"
::1 - - [28/Mar/2022:11:20:12 +0200] "POST /phpmyadmin/index.php?route=/database/structure/favorite-table&ajax_request=1&favorite_table=1&sync_favorite_tables=1 HTTP/1.1" 200 176 "-" "Mozilla/5.0 (Windows NT 10.0; Win64; x64) AppleWebKit/537.36 (KHTML, like Gecko) Chrome/98.0.4758.109 Safari/537.36 OPR/84.0.4316.50"
::1 - - [28/Mar/2022:11:20:12 +0200] "POST /phpmyadmin/index.php?route=/config/get HTTP/1.1" 200 1695 "-" "Mozilla/5.0 (Windows NT 10.0; Win64; x64) AppleWebKit/537.36 (KHTML, like Gecko) Chrome/98.0.4758.109 Safari/537.36 OPR/84.0.4316.50"
::1 - - [28/Mar/2022:11:20:13 +0200] "POST /phpmyadmin/index.php?route=/config/set HTTP/1.1" 200 1595 "-" "Mozilla/5.0 (Windows NT 10.0; Win64; x64) AppleWebKit/537.36 (KHTML, like Gecko) Chrome/98.0.4758.109 Safari/537.36 OPR/84.0.4316.50"
::1 - - [28/Mar/2022:11:20:13 +0200] "GET /phpmyadmin/index.php?route=/database/structure&server=1&db=doctrine&ajax_request=true&ajax_page_request=true&_nocache=1648459213860867526&token=4b412b535a3b5e277024572f5c4a6775 HTTP/1.1" 200 6515 "-" "Mozilla/5.0 (Windows NT 10.0; Win64; x64) AppleWebKit/537.36 (KHTML, like Gecko) Chrome/98.0.4758.109 Safari/537.36 OPR/84.0.4316.50"
::1 - - [28/Mar/2022:11:20:14 +0200] "POST /phpmyadmin/index.php?route=/navigation&ajax_request=1 HTTP/1.1" 200 2381 "-" "Mozilla/5.0 (Windows NT 10.0; Win64; x64) AppleWebKit/537.36 (KHTML, like Gecko) Chrome/98.0.4758.109 Safari/537.36 OPR/84.0.4316.50"
::1 - - [28/Mar/2022:11:20:14 +0200] "POST /phpmyadmin/index.php?route=/navigation&ajax_request=1 HTTP/1.1" 200 2289 "-" "Mozilla/5.0 (Windows NT 10.0; Win64; x64) AppleWebKit/537.36 (KHTML, like Gecko) Chrome/98.0.4758.109 Safari/537.36 OPR/84.0.4316.50"
::1 - - [28/Mar/2022:11:20:15 +0200] "POST /phpmyadmin/index.php?route=/navigation&ajax_request=1 HTTP/1.1" 200 2289 "-" "Mozilla/5.0 (Windows NT 10.0; Win64; x64) AppleWebKit/537.36 (KHTML, like Gecko) Chrome/98.0.4758.109 Safari/537.36 OPR/84.0.4316.50"
::1 - - [28/Mar/2022:11:20:26 +0200] "GET /phpmyadmin/ HTTP/1.1" 200 16984 "-" "Mozilla/5.0 (Windows NT 10.0; Win64; x64) AppleWebKit/537.36 (KHTML, like Gecko) Chrome/98.0.4758.109 Safari/537.36 OPR/84.0.4316.50"
::1 - - [28/Mar/2022:11:20:26 +0200] "GET /phpmyadmin/index.php?route=/database/structure&server=1&db=doctrine HTTP/1.1" 200 14216 "-" "Mozilla/5.0 (Windows NT 10.0; Win64; x64) AppleWebKit/537.36 (KHTML, like Gecko) Chrome/98.0.4758.109 Safari/537.36 OPR/84.0.4316.50"
::1 - - [28/Mar/2022:11:20:27 +0200] "GET /phpmyadmin/themes/pmahomme/css/theme.css?v=5.1.3&nocache=4270244286ltr&server=1 HTTP/1.1" 200 216144 "-" "Mozilla/5.0 (Windows NT 10.0; Win64; x64) AppleWebKit/537.36 (KHTML, like Gecko) Chrome/98.0.4758.109 Safari/537.36 OPR/84.0.4316.50"
::1 - - [28/Mar/2022:11:20:28 +0200] "POST /phpmyadmin/index.php?route=/config/get HTTP/1.1" 200 1604 "-" "Mozilla/5.0 (Windows NT 10.0; Win64; x64) AppleWebKit/537.36 (KHTML, like Gecko) Chrome/98.0.4758.109 Safari/537.36 OPR/84.0.4316.50"
::1 - - [28/Mar/2022:11:20:28 +0200] "POST /phpmyadmin/index.php?route=/navigation&ajax_request=1 HTTP/1.1" 200 2381 "-" "Mozilla/5.0 (Windows NT 10.0; Win64; x64) AppleWebKit/537.36 (KHTML, like Gecko) Chrome/98.0.4758.109 Safari/537.36 OPR/84.0.4316.50"
::1 - - [28/Mar/2022:11:20:28 +0200] "POST /phpmyadmin/index.php?route=/config/get HTTP/1.1" 200 1695 "-" "Mozilla/5.0 (Windows NT 10.0; Win64; x64) AppleWebKit/537.36 (KHTML, like Gecko) Chrome/98.0.4758.109 Safari/537.36 OPR/84.0.4316.50"
::1 - - [28/Mar/2022:11:20:28 +0200] "POST /phpmyadmin/index.php?route=/version-check HTTP/1.1" 200 48 "-" "Mozilla/5.0 (Windows NT 10.0; Win64; x64) AppleWebKit/537.36 (KHTML, like Gecko) Chrome/98.0.4758.109 Safari/537.36 OPR/84.0.4316.50"
::1 - - [28/Mar/2022:11:20:28 +0200] "POST /phpmyadmin/index.php?route=/database/structure/favorite-table&ajax_request=1&favorite_table=1&sync_favorite_tables=1 HTTP/1.1" 200 176 "-" "Mozilla/5.0 (Windows NT 10.0; Win64; x64) AppleWebKit/537.36 (KHTML, like Gecko) Chrome/98.0.4758.109 Safari/537.36 OPR/84.0.4316.50"
::1 - - [28/Mar/2022:11:20:28 +0200] "POST /phpmyadmin/index.php?route=/config/set HTTP/1.1" 200 1595 "-" "Mozilla/5.0 (Windows NT 10.0; Win64; x64) AppleWebKit/537.36 (KHTML, like Gecko) Chrome/98.0.4758.109 Safari/537.36 OPR/84.0.4316.50"
::1 - - [28/Mar/2022:11:22:22 +0200] "GET /phpmyadmin/ HTTP/1.1" 200 16986 "-" "Mozilla/5.0 (Windows NT 10.0; Win64; x64) AppleWebKit/537.36 (KHTML, like Gecko) Chrome/98.0.4758.109 Safari/537.36 OPR/84.0.4316.50"
::1 - - [28/Mar/2022:11:22:23 +0200] "GET /phpmyadmin/themes/pmahomme/css/theme.css?v=5.1.3&nocache=2697170986ltr&server=1 HTTP/1.1" 200 216144 "-" "Mozilla/5.0 (Windows NT 10.0; Win64; x64) AppleWebKit/537.36 (KHTML, like Gecko) Chrome/98.0.4758.109 Safari/537.36 OPR/84.0.4316.50"
::1 - - [28/Mar/2022:11:22:24 +0200] "POST /phpmyadmin/index.php?route=/config/get HTTP/1.1" 200 1604 "-" "Mozilla/5.0 (Windows NT 10.0; Win64; x64) AppleWebKit/537.36 (KHTML, like Gecko) Chrome/98.0.4758.109 Safari/537.36 OPR/84.0.4316.50"
::1 - - [28/Mar/2022:11:22:24 +0200] "POST /phpmyadmin/index.php?route=/config/get HTTP/1.1" 200 1695 "-" "Mozilla/5.0 (Windows NT 10.0; Win64; x64) AppleWebKit/537.36 (KHTML, like Gecko) Chrome/98.0.4758.109 Safari/537.36 OPR/84.0.4316.50"
::1 - - [28/Mar/2022:11:22:24 +0200] "POST /phpmyadmin/index.php?route=/navigation&ajax_request=1 HTTP/1.1" 200 2381 "-" "Mozilla/5.0 (Windows NT 10.0; Win64; x64) AppleWebKit/537.36 (KHTML, like Gecko) Chrome/98.0.4758.109 Safari/537.36 OPR/84.0.4316.50"
::1 - - [28/Mar/2022:11:22:24 +0200] "POST /phpmyadmin/index.php?route=/version-check HTTP/1.1" 200 48 "-" "Mozilla/5.0 (Windows NT 10.0; Win64; x64) AppleWebKit/537.36 (KHTML, like Gecko) Chrome/98.0.4758.109 Safari/537.36 OPR/84.0.4316.50"
::1 - - [28/Mar/2022:11:22:24 +0200] "POST /phpmyadmin/index.php?route=/database/structure/favorite-table&ajax_request=1&favorite_table=1&sync_favorite_tables=1 HTTP/1.1" 200 176 "-" "Mozilla/5.0 (Windows NT 10.0; Win64; x64) AppleWebKit/537.36 (KHTML, like Gecko) Chrome/98.0.4758.109 Safari/537.36 OPR/84.0.4316.50"
::1 - - [28/Mar/2022:11:22:24 +0200] "POST /phpmyadmin/index.php?route=/config/set HTTP/1.1" 200 1595 "-" "Mozilla/5.0 (Windows NT 10.0; Win64; x64) AppleWebKit/537.36 (KHTML, like Gecko) Chrome/98.0.4758.109 Safari/537.36 OPR/84.0.4316.50"
::1 - - [03/Apr/2022:17:17:06 +0200] "GET /phpmyadmin/ HTTP/1.1" 200 16984 "-" "Mozilla/5.0 (Windows NT 10.0; Win64; x64) AppleWebKit/537.36 (KHTML, like Gecko) Chrome/98.0.4758.109 Safari/537.36 OPR/84.0.4316.52"
::1 - - [03/Apr/2022:17:17:11 +0200] "GET /phpmyadmin/js/vendor/codemirror/lib/codemirror.css?v=5.1.3 HTTP/1.1" 200 8709 "-" "Mozilla/5.0 (Windows NT 10.0; Win64; x64) AppleWebKit/537.36 (KHTML, like Gecko) Chrome/98.0.4758.109 Safari/537.36 OPR/84.0.4316.52"
::1 - - [03/Apr/2022:17:17:11 +0200] "GET /phpmyadmin/js/vendor/codemirror/addon/hint/show-hint.css?v=5.1.3 HTTP/1.1" 200 623 "-" "Mozilla/5.0 (Windows NT 10.0; Win64; x64) AppleWebKit/537.36 (KHTML, like Gecko) Chrome/98.0.4758.109 Safari/537.36 OPR/84.0.4316.52"
::1 - - [03/Apr/2022:17:17:11 +0200] "GET /phpmyadmin/themes/pmahomme/css/theme.css?v=5.1.3&nocache=111428708ltr&server=1 HTTP/1.1" 200 216144 "-" "Mozilla/5.0 (Windows NT 10.0; Win64; x64) AppleWebKit/537.36 (KHTML, like Gecko) Chrome/98.0.4758.109 Safari/537.36 OPR/84.0.4316.52"
::1 - - [03/Apr/2022:17:17:11 +0200] "GET /phpmyadmin/js/vendor/sprintf.js?v=5.1.3 HTTP/1.1" 200 7409 "-" "Mozilla/5.0 (Windows NT 10.0; Win64; x64) AppleWebKit/537.36 (KHTML, like Gecko) Chrome/98.0.4758.109 Safari/537.36 OPR/84.0.4316.52"
::1 - - [03/Apr/2022:17:17:11 +0200] "GET /phpmyadmin/js/vendor/codemirror/addon/lint/lint.css?v=5.1.3 HTTP/1.1" 200 3035 "-" "Mozilla/5.0 (Windows NT 10.0; Win64; x64) AppleWebKit/537.36 (KHTML, like Gecko) Chrome/98.0.4758.109 Safari/537.36 OPR/84.0.4316.52"
::1 - - [03/Apr/2022:17:17:11 +0200] "GET /phpmyadmin/js/vendor/jquery/jquery-migrate.js?v=5.1.3 HTTP/1.1" 200 25300 "-" "Mozilla/5.0 (Windows NT 10.0; Win64; x64) AppleWebKit/537.36 (KHTML, like Gecko) Chrome/98.0.4758.109 Safari/537.36 OPR/84.0.4316.52"
::1 - - [03/Apr/2022:17:17:11 +0200] "GET /phpmyadmin/js/dist/ajax.js?v=5.1.3 HTTP/1.1" 200 31330 "-" "Mozilla/5.0 (Windows NT 10.0; Win64; x64) AppleWebKit/537.36 (KHTML, like Gecko) Chrome/98.0.4758.109 Safari/537.36 OPR/84.0.4316.52"
::1 - - [03/Apr/2022:17:17:11 +0200] "GET /phpmyadmin/js/dist/keyhandler.js?v=5.1.3 HTTP/1.1" 200 3003 "-" "Mozilla/5.0 (Windows NT 10.0; Win64; x64) AppleWebKit/537.36 (KHTML, like Gecko) Chrome/98.0.4758.109 Safari/537.36 OPR/84.0.4316.52"
::1 - - [03/Apr/2022:17:17:11 +0200] "GET /phpmyadmin/js/vendor/jquery/jquery.mousewheel.js?v=5.1.3 HTTP/1.1" 200 8267 "-" "Mozilla/5.0 (Windows NT 10.0; Win64; x64) AppleWebKit/537.36 (KHTML, like Gecko) Chrome/98.0.4758.109 Safari/537.36 OPR/84.0.4316.52"
::1 - - [03/Apr/2022:17:17:11 +0200] "GET /phpmyadmin/js/vendor/js.cookie.js?v=5.1.3 HTTP/1.1" 200 3883 "-" "Mozilla/5.0 (Windows NT 10.0; Win64; x64) AppleWebKit/537.36 (KHTML, like Gecko) Chrome/98.0.4758.109 Safari/537.36 OPR/84.0.4316.52"
::1 - - [03/Apr/2022:17:17:11 +0200] "GET /phpmyadmin/js/vendor/jquery/jquery.validate.js?v=5.1.3 HTTP/1.1" 200 50963 "-" "Mozilla/5.0 (Windows NT 10.0; Win64; x64) AppleWebKit/537.36 (KHTML, like Gecko) Chrome/98.0.4758.109 Safari/537.36 OPR/84.0.4316.52"
::1 - - [03/Apr/2022:17:17:11 +0200] "GET /phpmyadmin/js/vendor/jquery/jquery.ba-hashchange-2.0.js?v=5.1.3 HTTP/1.1" 200 10505 "-" "Mozilla/5.0 (Windows NT 10.0; Win64; x64) AppleWebKit/537.36 (KHTML, like Gecko) Chrome/98.0.4758.109 Safari/537.36 OPR/84.0.4316.52"
::1 - - [03/Apr/2022:17:17:11 +0200] "GET /phpmyadmin/js/vendor/jquery/jquery.min.js?v=5.1.3 HTTP/1.1" 200 89501 "-" "Mozilla/5.0 (Windows NT 10.0; Win64; x64) AppleWebKit/537.36 (KHTML, like Gecko) Chrome/98.0.4758.109 Safari/537.36 OPR/84.0.4316.52"
::1 - - [03/Apr/2022:17:17:11 +0200] "GET /phpmyadmin/js/vendor/bootstrap/bootstrap.bundle.min.js?v=5.1.3 HTTP/1.1" 200 83253 "-" "Mozilla/5.0 (Windows NT 10.0; Win64; x64) AppleWebKit/537.36 (KHTML, like Gecko) Chrome/98.0.4758.109 Safari/537.36 OPR/84.0.4316.52"
::1 - - [03/Apr/2022:17:17:11 +0200] "GET /phpmyadmin/js/vendor/jquery/jquery.debounce-1.0.6.js?v=5.1.3 HTTP/1.1" 200 1608 "-" "Mozilla/5.0 (Windows NT 10.0; Win64; x64) AppleWebKit/537.36 (KHTML, like Gecko) Chrome/98.0.4758.109 Safari/537.36 OPR/84.0.4316.52"
::1 - - [03/Apr/2022:17:17:11 +0200] "GET /phpmyadmin/js/dist/menu_resizer.js?v=5.1.3 HTTP/1.1" 200 5687 "-" "Mozilla/5.0 (Windows NT 10.0; Win64; x64) AppleWebKit/537.36 (KHTML, like Gecko) Chrome/98.0.4758.109 Safari/537.36 OPR/84.0.4316.52"
::1 - - [03/Apr/2022:17:17:11 +0200] "GET /phpmyadmin/js/vendor/jquery/jquery-ui-timepicker-addon.js?v=5.1.3 HTTP/1.1" 200 78475 "-" "Mozilla/5.0 (Windows NT 10.0; Win64; x64) AppleWebKit/537.36 (KHTML, like Gecko) Chrome/98.0.4758.109 Safari/537.36 OPR/84.0.4316.52"
::1 - - [03/Apr/2022:17:17:11 +0200] "GET /phpmyadmin/js/dist/cross_framing_protection.js?v=5.1.3 HTTP/1.1" 200 419 "-" "Mozilla/5.0 (Windows NT 10.0; Win64; x64) AppleWebKit/537.36 (KHTML, like Gecko) Chrome/98.0.4758.109 Safari/537.36 OPR/84.0.4316.52"
::1 - - [03/Apr/2022:17:17:11 +0200] "GET /phpmyadmin/js/dist/rte.js?v=5.1.3 HTTP/1.1" 200 40074 "-" "Mozilla/5.0 (Windows NT 10.0; Win64; x64) AppleWebKit/537.36 (KHTML, like Gecko) Chrome/98.0.4758.109 Safari/537.36 OPR/84.0.4316.52"
::1 - - [03/Apr/2022:17:17:11 +0200] "GET /phpmyadmin/js/dist/config.js?v=5.1.3 HTTP/1.1" 200 25448 "-" "Mozilla/5.0 (Windows NT 10.0; Win64; x64) AppleWebKit/537.36 (KHTML, like Gecko) Chrome/98.0.4758.109 Safari/537.36 OPR/84.0.4316.52"
::1 - - [03/Apr/2022:17:17:11 +0200] "GET /phpmyadmin/js/dist/doclinks.js?v=5.1.3 HTTP/1.1" 200 18292 "-" "Mozilla/5.0 (Windows NT 10.0; Win64; x64) AppleWebKit/537.36 (KHTML, like Gecko) Chrome/98.0.4758.109 Safari/537.36 OPR/84.0.4316.52"
::1 - - [03/Apr/2022:17:17:11 +0200] "GET /phpmyadmin/js/dist/common.js?v=5.1.3 HTTP/1.1" 200 4388 "-" "Mozilla/5.0 (Windows NT 10.0; Win64; x64) AppleWebKit/537.36 (KHTML, like Gecko) Chrome/98.0.4758.109 Safari/537.36 OPR/84.0.4316.52"
::1 - - [03/Apr/2022:17:17:11 +0200] "GET /phpmyadmin/js/dist/navigation.js?v=5.1.3 HTTP/1.1" 200 54678 "-" "Mozilla/5.0 (Windows NT 10.0; Win64; x64) AppleWebKit/537.36 (KHTML, like Gecko) Chrome/98.0.4758.109 Safari/537.36 OPR/84.0.4316.52"
::1 - - [03/Apr/2022:17:17:11 +0200] "GET /phpmyadmin/js/dist/indexes.js?v=5.1.3 HTTP/1.1" 200 26322 "-" "Mozilla/5.0 (Windows NT 10.0; Win64; x64) AppleWebKit/537.36 (KHTML, like Gecko) Chrome/98.0.4758.109 Safari/537.36 OPR/84.0.4316.52"
::1 - - [03/Apr/2022:17:17:11 +0200] "GET /phpmyadmin/js/dist/functions.js?v=5.1.3 HTTP/1.1" 200 161208 "-" "Mozilla/5.0 (Windows NT 10.0; Win64; x64) AppleWebKit/537.36 (KHTML, like Gecko) Chrome/98.0.4758.109 Safari/537.36 OPR/84.0.4316.52"
::1 - - [03/Apr/2022:17:17:11 +0200] "GET /phpmyadmin/js/vendor/jquery/jquery-ui.min.js?v=5.1.3 HTTP/1.1" 200 253669 "-" "Mozilla/5.0 (Windows NT 10.0; Win64; x64) AppleWebKit/537.36 (KHTML, like Gecko) Chrome/98.0.4758.109 Safari/537.36 OPR/84.0.4316.52"
::1 - - [03/Apr/2022:17:17:11 +0200] "GET /phpmyadmin/js/dist/page_settings.js?v=5.1.3 HTTP/1.1" 200 1568 "-" "Mozilla/5.0 (Windows NT 10.0; Win64; x64) AppleWebKit/537.36 (KHTML, like Gecko) Chrome/98.0.4758.109 Safari/537.36 OPR/84.0.4316.52"
::1 - - [03/Apr/2022:17:17:11 +0200] "GET /phpmyadmin/js/vendor/codemirror/addon/runmode/runmode.js?v=5.1.3 HTTP/1.1" 200 2773 "-" "Mozilla/5.0 (Windows NT 10.0; Win64; x64) AppleWebKit/537.36 (KHTML, like Gecko) Chrome/98.0.4758.109 Safari/537.36 OPR/84.0.4316.52"
::1 - - [03/Apr/2022:17:17:11 +0200] "GET /phpmyadmin/js/vendor/codemirror/mode/sql/sql.js?v=5.1.3 HTTP/1.1" 200 47998 "-" "Mozilla/5.0 (Windows NT 10.0; Win64; x64) AppleWebKit/537.36 (KHTML, like Gecko) Chrome/98.0.4758.109 Safari/537.36 OPR/84.0.4316.52"
::1 - - [03/Apr/2022:17:17:11 +0200] "GET /phpmyadmin/js/vendor/codemirror/addon/hint/sql-hint.js?v=5.1.3 HTTP/1.1" 200 9604 "-" "Mozilla/5.0 (Windows NT 10.0; Win64; x64) AppleWebKit/537.36 (KHTML, like Gecko) Chrome/98.0.4758.109 Safari/537.36 OPR/84.0.4316.52"
::1 - - [03/Apr/2022:17:17:11 +0200] "GET /phpmyadmin/js/vendor/codemirror/addon/lint/lint.js?v=5.1.3 HTTP/1.1" 200 9985 "-" "Mozilla/5.0 (Windows NT 10.0; Win64; x64) AppleWebKit/537.36 (KHTML, like Gecko) Chrome/98.0.4758.109 Safari/537.36 OPR/84.0.4316.52"
::1 - - [03/Apr/2022:17:17:11 +0200] "GET /phpmyadmin/js/dist/codemirror/addon/lint/sql-lint.js?v=5.1.3 HTTP/1.1" 200 959 "-" "Mozilla/5.0 (Windows NT 10.0; Win64; x64) AppleWebKit/537.36 (KHTML, like Gecko) Chrome/98.0.4758.109 Safari/537.36 OPR/84.0.4316.52"
::1 - - [03/Apr/2022:17:17:11 +0200] "GET /phpmyadmin/js/vendor/codemirror/addon/hint/show-hint.js?v=5.1.3 HTTP/1.1" 200 19979 "-" "Mozilla/5.0 (Windows NT 10.0; Win64; x64) AppleWebKit/537.36 (KHTML, like Gecko) Chrome/98.0.4758.109 Safari/537.36 OPR/84.0.4316.52"
::1 - - [03/Apr/2022:17:17:11 +0200] "GET /phpmyadmin/js/vendor/tracekit.js?v=5.1.3 HTTP/1.1" 200 47128 "-" "Mozilla/5.0 (Windows NT 10.0; Win64; x64) AppleWebKit/537.36 (KHTML, like Gecko) Chrome/98.0.4758.109 Safari/537.36 OPR/84.0.4316.52"
::1 - - [03/Apr/2022:17:17:11 +0200] "GET /phpmyadmin/js/dist/drag_drop_import.js?v=5.1.3 HTTP/1.1" 200 12308 "-" "Mozilla/5.0 (Windows NT 10.0; Win64; x64) AppleWebKit/537.36 (KHTML, like Gecko) Chrome/98.0.4758.109 Safari/537.36 OPR/84.0.4316.52"
::1 - - [03/Apr/2022:17:17:11 +0200] "GET /phpmyadmin/js/dist/error_report.js?v=5.1.3 HTTP/1.1" 200 9664 "-" "Mozilla/5.0 (Windows NT 10.0; Win64; x64) AppleWebKit/537.36 (KHTML, like Gecko) Chrome/98.0.4758.109 Safari/537.36 OPR/84.0.4316.52"
::1 - - [03/Apr/2022:17:17:11 +0200] "GET /phpmyadmin/js/dist/shortcuts_handler.js?v=5.1.3 HTTP/1.1" 200 3326 "-" "Mozilla/5.0 (Windows NT 10.0; Win64; x64) AppleWebKit/537.36 (KHTML, like Gecko) Chrome/98.0.4758.109 Safari/537.36 OPR/84.0.4316.52"
::1 - - [03/Apr/2022:17:17:11 +0200] "GET /phpmyadmin/js/dist/console.js?v=5.1.3 HTTP/1.1" 200 49699 "-" "Mozilla/5.0 (Windows NT 10.0; Win64; x64) AppleWebKit/537.36 (KHTML, like Gecko) Chrome/98.0.4758.109 Safari/537.36 OPR/84.0.4316.52"
::1 - - [03/Apr/2022:17:17:11 +0200] "GET /phpmyadmin/js/vendor/codemirror/lib/codemirror.js?v=5.1.3 HTTP/1.1" 200 399842 "-" "Mozilla/5.0 (Windows NT 10.0; Win64; x64) AppleWebKit/537.36 (KHTML, like Gecko) Chrome/98.0.4758.109 Safari/537.36 OPR/84.0.4316.52"
::1 - - [03/Apr/2022:17:17:11 +0200] "GET /phpmyadmin/js/messages.php?l=pl&v=5.1.3 HTTP/1.1" 200 9477 "-" "Mozilla/5.0 (Windows NT 10.0; Win64; x64) AppleWebKit/537.36 (KHTML, like Gecko) Chrome/98.0.4758.109 Safari/537.36 OPR/84.0.4316.52"
::1 - - [03/Apr/2022:17:17:11 +0200] "GET /phpmyadmin/themes/pmahomme/css/printview.css?v=5.1.3 HTTP/1.1" 200 1392 "-" "Mozilla/5.0 (Windows NT 10.0; Win64; x64) AppleWebKit/537.36 (KHTML, like Gecko) Chrome/98.0.4758.109 Safari/537.36 OPR/84.0.4316.52"
::1 - - [03/Apr/2022:17:17:11 +0200] "POST /phpmyadmin/index.php?route=/config/get HTTP/1.1" 200 1604 "-" "Mozilla/5.0 (Windows NT 10.0; Win64; x64) AppleWebKit/537.36 (KHTML, like Gecko) Chrome/98.0.4758.109 Safari/537.36 OPR/84.0.4316.52"
::1 - - [03/Apr/2022:17:17:11 +0200] "POST /phpmyadmin/index.php?route=/navigation&ajax_request=1 HTTP/1.1" 200 2381 "-" "Mozilla/5.0 (Windows NT 10.0; Win64; x64) AppleWebKit/537.36 (KHTML, like Gecko) Chrome/98.0.4758.109 Safari/537.36 OPR/84.0.4316.52"
::1 - - [03/Apr/2022:17:17:11 +0200] "POST /phpmyadmin/index.php?route=/config/get HTTP/1.1" 200 1695 "-" "Mozilla/5.0 (Windows NT 10.0; Win64; x64) AppleWebKit/537.36 (KHTML, like Gecko) Chrome/98.0.4758.109 Safari/537.36 OPR/84.0.4316.52"
::1 - - [03/Apr/2022:17:17:11 +0200] "POST /phpmyadmin/index.php?route=/version-check HTTP/1.1" 200 48 "-" "Mozilla/5.0 (Windows NT 10.0; Win64; x64) AppleWebKit/537.36 (KHTML, like Gecko) Chrome/98.0.4758.109 Safari/537.36 OPR/84.0.4316.52"
::1 - - [03/Apr/2022:17:17:11 +0200] "POST /phpmyadmin/index.php?route=/database/structure/favorite-table&ajax_request=1&favorite_table=1&sync_favorite_tables=1 HTTP/1.1" 200 176 "-" "Mozilla/5.0 (Windows NT 10.0; Win64; x64) AppleWebKit/537.36 (KHTML, like Gecko) Chrome/98.0.4758.109 Safari/537.36 OPR/84.0.4316.52"
::1 - - [03/Apr/2022:17:17:12 +0200] "POST /phpmyadmin/index.php?route=/config/set HTTP/1.1" 200 1595 "-" "Mozilla/5.0 (Windows NT 10.0; Win64; x64) AppleWebKit/537.36 (KHTML, like Gecko) Chrome/98.0.4758.109 Safari/537.36 OPR/84.0.4316.52"
::1 - - [03/Apr/2022:17:17:23 +0200] "POST /phpmyadmin/index.php?route=/config/set HTTP/1.1" 200 1595 "-" "Mozilla/5.0 (Windows NT 10.0; Win64; x64) AppleWebKit/537.36 (KHTML, like Gecko) Chrome/98.0.4758.109 Safari/537.36 OPR/84.0.4316.52"
::1 - - [03/Apr/2022:17:17:50 +0200] "POST /phpmyadmin/index.php?route=/config/set HTTP/1.1" 200 1595 "-" "Mozilla/5.0 (Windows NT 10.0; Win64; x64) AppleWebKit/537.36 (KHTML, like Gecko) Chrome/98.0.4758.109 Safari/537.36 OPR/84.0.4316.52"
::1 - - [03/Apr/2022:17:17:51 +0200] "GET /phpmyadmin/index.php?route=/server/databases&server=1&ajax_request=true&ajax_page_request=true&_nocache=1648999071853391297&token=4b412b535a3b5e277024572f5c4a6775 HTTP/1.1" 200 8037 "-" "Mozilla/5.0 (Windows NT 10.0; Win64; x64) AppleWebKit/537.36 (KHTML, like Gecko) Chrome/98.0.4758.109 Safari/537.36 OPR/84.0.4316.52"
::1 - - [03/Apr/2022:17:17:52 +0200] "GET /phpmyadmin/themes/pmahomme/img/b_deltbl.png HTTP/1.1" 200 577 "http://localhost/phpmyadmin/themes/pmahomme/css/theme.css?v=5.1.3&nocache=111428708ltr&server=1" "Mozilla/5.0 (Windows NT 10.0; Win64; x64) AppleWebKit/537.36 (KHTML, like Gecko) Chrome/98.0.4758.109 Safari/537.36 OPR/84.0.4316.52"
::1 - - [03/Apr/2022:17:17:52 +0200] "GET /phpmyadmin/themes/pmahomme/img/s_notice.png HTTP/1.1" 200 567 "http://localhost/phpmyadmin/themes/pmahomme/css/theme.css?v=5.1.3&nocache=111428708ltr&server=1" "Mozilla/5.0 (Windows NT 10.0; Win64; x64) AppleWebKit/537.36 (KHTML, like Gecko) Chrome/98.0.4758.109 Safari/537.36 OPR/84.0.4316.52"
::1 - - [03/Apr/2022:17:17:52 +0200] "GET /phpmyadmin/js/dist/server/databases.js?v=5.1.3 HTTP/1.1" 200 4917 "-" "Mozilla/5.0 (Windows NT 10.0; Win64; x64) AppleWebKit/537.36 (KHTML, like Gecko) Chrome/98.0.4758.109 Safari/537.36 OPR/84.0.4316.52"
::1 - - [03/Apr/2022:17:17:52 +0200] "POST /phpmyadmin/index.php?route=/navigation&ajax_request=1 HTTP/1.1" 200 2381 "-" "Mozilla/5.0 (Windows NT 10.0; Win64; x64) AppleWebKit/537.36 (KHTML, like Gecko) Chrome/98.0.4758.109 Safari/537.36 OPR/84.0.4316.52"
::1 - - [03/Apr/2022:17:17:57 +0200] "POST /phpmyadmin/index.php?route=/config/set HTTP/1.1" 200 1595 "-" "Mozilla/5.0 (Windows NT 10.0; Win64; x64) AppleWebKit/537.36 (KHTML, like Gecko) Chrome/98.0.4758.109 Safari/537.36 OPR/84.0.4316.52"
::1 - - [03/Apr/2022:17:18:05 +0200] "GET /phpmyadmin/index.php?route=/database/structure&db=doctrine&ajax_request=true&ajax_page_request=true&_nocache=1648999085060503584&token=4b412b535a3b5e277024572f5c4a6775 HTTP/1.1" 200 6515 "-" "Mozilla/5.0 (Windows NT 10.0; Win64; x64) AppleWebKit/537.36 (KHTML, like Gecko) Chrome/98.0.4758.109 Safari/537.36 OPR/84.0.4316.52"
::1 - - [03/Apr/2022:17:18:06 +0200] "GET /phpmyadmin/js/dist/database/structure.js?v=5.1.3 HTTP/1.1" 200 15663 "-" "Mozilla/5.0 (Windows NT 10.0; Win64; x64) AppleWebKit/537.36 (KHTML, like Gecko) Chrome/98.0.4758.109 Safari/537.36 OPR/84.0.4316.52"
::1 - - [03/Apr/2022:17:18:06 +0200] "GET /phpmyadmin/js/dist/table/change.js?v=5.1.3 HTTP/1.1" 200 29079 "-" "Mozilla/5.0 (Windows NT 10.0; Win64; x64) AppleWebKit/537.36 (KHTML, like Gecko) Chrome/98.0.4758.109 Safari/537.36 OPR/84.0.4316.52"
::1 - - [03/Apr/2022:17:18:06 +0200] "POST /phpmyadmin/index.php?route=/navigation&ajax_request=1 HTTP/1.1" 200 2381 "-" "Mozilla/5.0 (Windows NT 10.0; Win64; x64) AppleWebKit/537.36 (KHTML, like Gecko) Chrome/98.0.4758.109 Safari/537.36 OPR/84.0.4316.52"
::1 - - [03/Apr/2022:17:18:06 +0200] "POST /phpmyadmin/index.php?route=/navigation&ajax_request=1 HTTP/1.1" 200 2289 "-" "Mozilla/5.0 (Windows NT 10.0; Win64; x64) AppleWebKit/537.36 (KHTML, like Gecko) Chrome/98.0.4758.109 Safari/537.36 OPR/84.0.4316.52"
::1 - - [03/Apr/2022:17:18:06 +0200] "POST /phpmyadmin/index.php?route=/navigation&ajax_request=1 HTTP/1.1" 200 2289 "-" "Mozilla/5.0 (Windows NT 10.0; Win64; x64) AppleWebKit/537.36 (KHTML, like Gecko) Chrome/98.0.4758.109 Safari/537.36 OPR/84.0.4316.52"
::1 - - [03/Apr/2022:17:18:07 +0200] "GET /phpmyadmin/themes/pmahomme/img/s_desc.png HTTP/1.1" 200 146 "http://localhost/phpmyadmin/themes/pmahomme/css/theme.css?v=5.1.3&nocache=111428708ltr&server=1" "Mozilla/5.0 (Windows NT 10.0; Win64; x64) AppleWebKit/537.36 (KHTML, like Gecko) Chrome/98.0.4758.109 Safari/537.36 OPR/84.0.4316.52"
::1 - - [03/Apr/2022:17:18:11 +0200] "GET /phpmyadmin/index.php?route=%2Fserver%2Fdatabases&server=1&ajax_request=true&ajax_page_request=true&_nocache=1648999090971995993&token=4b412b535a3b5e277024572f5c4a6775 HTTP/1.1" 200 8037 "-" "Mozilla/5.0 (Windows NT 10.0; Win64; x64) AppleWebKit/537.36 (KHTML, like Gecko) Chrome/98.0.4758.109 Safari/537.36 OPR/84.0.4316.52"
::1 - - [03/Apr/2022:17:18:11 +0200] "POST /phpmyadmin/index.php?route=/navigation&ajax_request=1 HTTP/1.1" 200 2928 "-" "Mozilla/5.0 (Windows NT 10.0; Win64; x64) AppleWebKit/537.36 (KHTML, like Gecko) Chrome/98.0.4758.109 Safari/537.36 OPR/84.0.4316.52"
::1 - - [03/Apr/2022:17:18:20 +0200] "POST /phpmyadmin/index.php HTTP/1.1" 200 598 "-" "Mozilla/5.0 (Windows NT 10.0; Win64; x64) AppleWebKit/537.36 (KHTML, like Gecko) Chrome/98.0.4758.109 Safari/537.36 OPR/84.0.4316.52"
::1 - - [03/Apr/2022:17:18:20 +0200] "GET /phpmyadmin/themes/pmahomme/img/b_edit.png HTTP/1.1" 200 377 "http://localhost/phpmyadmin/themes/pmahomme/css/theme.css?v=5.1.3&nocache=111428708ltr&server=1" "Mozilla/5.0 (Windows NT 10.0; Win64; x64) AppleWebKit/537.36 (KHTML, like Gecko) Chrome/98.0.4758.109 Safari/537.36 OPR/84.0.4316.52"
::1 - - [03/Apr/2022:17:18:27 +0200] "GET /phpmyadmin/index.php?route=/database/structure&db=doctrine&ajax_request=true&ajax_page_request=true&_nocache=1648999106962417941&token=4b412b535a3b5e277024572f5c4a6775 HTTP/1.1" 200 3260 "-" "Mozilla/5.0 (Windows NT 10.0; Win64; x64) AppleWebKit/537.36 (KHTML, like Gecko) Chrome/98.0.4758.109 Safari/537.36 OPR/84.0.4316.52"
::1 - - [03/Apr/2022:17:18:27 +0200] "POST /phpmyadmin/index.php?route=/navigation&ajax_request=1 HTTP/1.1" 200 2395 "-" "Mozilla/5.0 (Windows NT 10.0; Win64; x64) AppleWebKit/537.36 (KHTML, like Gecko) Chrome/98.0.4758.109 Safari/537.36 OPR/84.0.4316.52"
::1 - - [03/Apr/2022:17:18:31 +0200] "GET /phpmyadmin/index.php?route=/database/sql&db=doctrine&ajax_request=true&ajax_page_request=true&_nocache=1648999111147692120&token=4b412b535a3b5e277024572f5c4a6775 HTTP/1.1" 200 5217 "-" "Mozilla/5.0 (Windows NT 10.0; Win64; x64) AppleWebKit/537.36 (KHTML, like Gecko) Chrome/98.0.4758.109 Safari/537.36 OPR/84.0.4316.52"
::1 - - [03/Apr/2022:17:18:31 +0200] "GET /phpmyadmin/js/vendor/jquery/jquery.uitablefilter.js?v=5.1.3 HTTP/1.1" 200 3139 "-" "Mozilla/5.0 (Windows NT 10.0; Win64; x64) AppleWebKit/537.36 (KHTML, like Gecko) Chrome/98.0.4758.109 Safari/537.36 OPR/84.0.4316.52"
::1 - - [03/Apr/2022:17:18:31 +0200] "GET /phpmyadmin/js/vendor/stickyfill.min.js?v=5.1.3 HTTP/1.1" 200 6500 "-" "Mozilla/5.0 (Windows NT 10.0; Win64; x64) AppleWebKit/537.36 (KHTML, like Gecko) Chrome/98.0.4758.109 Safari/537.36 OPR/84.0.4316.52"
::1 - - [03/Apr/2022:17:18:31 +0200] "GET /phpmyadmin/js/dist/sql.js?v=5.1.3 HTTP/1.1" 200 35847 "-" "Mozilla/5.0 (Windows NT 10.0; Win64; x64) AppleWebKit/537.36 (KHTML, like Gecko) Chrome/98.0.4758.109 Safari/537.36 OPR/84.0.4316.52"
::1 - - [03/Apr/2022:17:18:31 +0200] "GET /phpmyadmin/js/dist/makegrid.js?v=5.1.3 HTTP/1.1" 200 79747 "-" "Mozilla/5.0 (Windows NT 10.0; Win64; x64) AppleWebKit/537.36 (KHTML, like Gecko) Chrome/98.0.4758.109 Safari/537.36 OPR/84.0.4316.52"
::1 - - [03/Apr/2022:17:18:31 +0200] "POST /phpmyadmin/index.php?route=/navigation&ajax_request=1 HTTP/1.1" 200 2395 "-" "Mozilla/5.0 (Windows NT 10.0; Win64; x64) AppleWebKit/537.36 (KHTML, like Gecko) Chrome/98.0.4758.109 Safari/537.36 OPR/84.0.4316.52"
::1 - - [03/Apr/2022:17:18:42 +0200] "POST /phpmyadmin/index.php?route=/config/set HTTP/1.1" 200 1595 "-" "Mozilla/5.0 (Windows NT 10.0; Win64; x64) AppleWebKit/537.36 (KHTML, like Gecko) Chrome/98.0.4758.109 Safari/537.36 OPR/84.0.4316.52"
::1 - - [03/Apr/2022:17:18:44 +0200] "GET /phpmyadmin/index.php?route=/database/structure&server=1&db=doctrine&ajax_request=true&ajax_page_request=true&_nocache=1648999124398510270&token=4b412b535a3b5e277024572f5c4a6775 HTTP/1.1" 200 3260 "-" "Mozilla/5.0 (Windows NT 10.0; Win64; x64) AppleWebKit/537.36 (KHTML, like Gecko) Chrome/98.0.4758.109 Safari/537.36 OPR/84.0.4316.52"
::1 - - [03/Apr/2022:17:18:44 +0200] "POST /phpmyadmin/index.php?route=/navigation&ajax_request=1 HTTP/1.1" 200 2395 "-" "Mozilla/5.0 (Windows NT 10.0; Win64; x64) AppleWebKit/537.36 (KHTML, like Gecko) Chrome/98.0.4758.109 Safari/537.36 OPR/84.0.4316.52"
::1 - - [03/Apr/2022:17:18:46 +0200] "GET /phpmyadmin/index.php?route=/database/sql&db=doctrine&ajax_request=true&ajax_page_request=true&_nocache=1648999126392601298&token=4b412b535a3b5e277024572f5c4a6775 HTTP/1.1" 200 5217 "-" "Mozilla/5.0 (Windows NT 10.0; Win64; x64) AppleWebKit/537.36 (KHTML, like Gecko) Chrome/98.0.4758.109 Safari/537.36 OPR/84.0.4316.52"
::1 - - [03/Apr/2022:17:18:46 +0200] "POST /phpmyadmin/index.php?route=/navigation&ajax_request=1 HTTP/1.1" 200 2395 "-" "Mozilla/5.0 (Windows NT 10.0; Win64; x64) AppleWebKit/537.36 (KHTML, like Gecko) Chrome/98.0.4758.109 Safari/537.36 OPR/84.0.4316.52"
::1 - - [03/Apr/2022:17:18:48 +0200] "GET /phpmyadmin/index.php?route=/database/structure&db=doctrine&ajax_request=true&ajax_page_request=true&_nocache=1648999128377155872&token=4b412b535a3b5e277024572f5c4a6775 HTTP/1.1" 200 3260 "-" "Mozilla/5.0 (Windows NT 10.0; Win64; x64) AppleWebKit/537.36 (KHTML, like Gecko) Chrome/98.0.4758.109 Safari/537.36 OPR/84.0.4316.52"
::1 - - [03/Apr/2022:17:18:48 +0200] "POST /phpmyadmin/index.php?route=/navigation&ajax_request=1 HTTP/1.1" 200 2395 "-" "Mozilla/5.0 (Windows NT 10.0; Win64; x64) AppleWebKit/537.36 (KHTML, like Gecko) Chrome/98.0.4758.109 Safari/537.36 OPR/84.0.4316.52"
::1 - - [03/Apr/2022:17:18:51 +0200] "GET /phpmyadmin/index.php?route=/database/sql&db=doctrine&ajax_request=true&ajax_page_request=true&_nocache=1648999131371717525&token=4b412b535a3b5e277024572f5c4a6775 HTTP/1.1" 200 5217 "-" "Mozilla/5.0 (Windows NT 10.0; Win64; x64) AppleWebKit/537.36 (KHTML, like Gecko) Chrome/98.0.4758.109 Safari/537.36 OPR/84.0.4316.52"
::1 - - [03/Apr/2022:17:18:51 +0200] "POST /phpmyadmin/index.php?route=/navigation&ajax_request=1 HTTP/1.1" 200 2395 "-" "Mozilla/5.0 (Windows NT 10.0; Win64; x64) AppleWebKit/537.36 (KHTML, like Gecko) Chrome/98.0.4758.109 Safari/537.36 OPR/84.0.4316.52"
::1 - - [03/Apr/2022:17:18:56 +0200] "GET /phpmyadmin/themes/pmahomme/img/s_lock.png HTTP/1.1" 200 667 "http://localhost/phpmyadmin/themes/pmahomme/css/theme.css?v=5.1.3&nocache=111428708ltr&server=1" "Mozilla/5.0 (Windows NT 10.0; Win64; x64) AppleWebKit/537.36 (KHTML, like Gecko) Chrome/98.0.4758.109 Safari/537.36 OPR/84.0.4316.52"
::1 - - [03/Apr/2022:17:18:56 +0200] "POST /phpmyadmin/index.php?route=/database/sql/autocomplete HTTP/1.1" 200 1720 "-" "Mozilla/5.0 (Windows NT 10.0; Win64; x64) AppleWebKit/537.36 (KHTML, like Gecko) Chrome/98.0.4758.109 Safari/537.36 OPR/84.0.4316.52"
::1 - - [03/Apr/2022:17:18:57 +0200] "POST /phpmyadmin/index.php?route=/lint HTTP/1.1" 200 138 "-" "Mozilla/5.0 (Windows NT 10.0; Win64; x64) AppleWebKit/537.36 (KHTML, like Gecko) Chrome/98.0.4758.109 Safari/537.36 OPR/84.0.4316.52"
::1 - - [03/Apr/2022:17:18:57 +0200] "POST /phpmyadmin/index.php?route=/lint HTTP/1.1" 200 138 "-" "Mozilla/5.0 (Windows NT 10.0; Win64; x64) AppleWebKit/537.36 (KHTML, like Gecko) Chrome/98.0.4758.109 Safari/537.36 OPR/84.0.4316.52"
::1 - - [03/Apr/2022:17:18:59 +0200] "POST /phpmyadmin/index.php?route=/lint HTTP/1.1" 200 28 "-" "Mozilla/5.0 (Windows NT 10.0; Win64; x64) AppleWebKit/537.36 (KHTML, like Gecko) Chrome/98.0.4758.109 Safari/537.36 OPR/84.0.4316.52"
::1 - - [03/Apr/2022:17:19:01 +0200] "POST /phpmyadmin/index.php?route=/lint HTTP/1.1" 200 28 "-" "Mozilla/5.0 (Windows NT 10.0; Win64; x64) AppleWebKit/537.36 (KHTML, like Gecko) Chrome/98.0.4758.109 Safari/537.36 OPR/84.0.4316.52"
::1 - - [03/Apr/2022:17:19:03 +0200] "POST /phpmyadmin/index.php?route=/lint HTTP/1.1" 200 144 "-" "Mozilla/5.0 (Windows NT 10.0; Win64; x64) AppleWebKit/537.36 (KHTML, like Gecko) Chrome/98.0.4758.109 Safari/537.36 OPR/84.0.4316.52"
::1 - - [03/Apr/2022:17:19:07 +0200] "POST /phpmyadmin/index.php?route=/lint HTTP/1.1" 200 143 "-" "Mozilla/5.0 (Windows NT 10.0; Win64; x64) AppleWebKit/537.36 (KHTML, like Gecko) Chrome/98.0.4758.109 Safari/537.36 OPR/84.0.4316.52"
::1 - - [03/Apr/2022:17:19:08 +0200] "POST /phpmyadmin/index.php?route=/lint HTTP/1.1" 200 142 "-" "Mozilla/5.0 (Windows NT 10.0; Win64; x64) AppleWebKit/537.36 (KHTML, like Gecko) Chrome/98.0.4758.109 Safari/537.36 OPR/84.0.4316.52"
::1 - - [03/Apr/2022:17:19:10 +0200] "POST /phpmyadmin/index.php?route=/lint HTTP/1.1" 200 28 "-" "Mozilla/5.0 (Windows NT 10.0; Win64; x64) AppleWebKit/537.36 (KHTML, like Gecko) Chrome/98.0.4758.109 Safari/537.36 OPR/84.0.4316.52"
::1 - - [03/Apr/2022:17:19:12 +0200] "POST /phpmyadmin/index.php?route=/import HTTP/1.1" 200 440 "-" "Mozilla/5.0 (Windows NT 10.0; Win64; x64) AppleWebKit/537.36 (KHTML, like Gecko) Chrome/98.0.4758.109 Safari/537.36 OPR/84.0.4316.52"
::1 - - [03/Apr/2022:17:19:19 +0200] "POST /phpmyadmin/index.php?route=/lint HTTP/1.1" 200 28 "-" "Mozilla/5.0 (Windows NT 10.0; Win64; x64) AppleWebKit/537.36 (KHTML, like Gecko) Chrome/98.0.4758.109 Safari/537.36 OPR/84.0.4316.52"
::1 - - [03/Apr/2022:17:19:20 +0200] "POST /phpmyadmin/index.php?route=/lint HTTP/1.1" 200 138 "-" "Mozilla/5.0 (Windows NT 10.0; Win64; x64) AppleWebKit/537.36 (KHTML, like Gecko) Chrome/98.0.4758.109 Safari/537.36 OPR/84.0.4316.52"
::1 - - [03/Apr/2022:17:19:22 +0200] "POST /phpmyadmin/index.php?route=/import HTTP/1.1" 200 540 "-" "Mozilla/5.0 (Windows NT 10.0; Win64; x64) AppleWebKit/537.36 (KHTML, like Gecko) Chrome/98.0.4758.109 Safari/537.36 OPR/84.0.4316.52"
::1 - - [03/Apr/2022:17:19:25 +0200] "POST /phpmyadmin/index.php?route=/lint HTTP/1.1" 200 165 "-" "Mozilla/5.0 (Windows NT 10.0; Win64; x64) AppleWebKit/537.36 (KHTML, like Gecko) Chrome/98.0.4758.109 Safari/537.36 OPR/84.0.4316.52"
::1 - - [03/Apr/2022:17:19:27 +0200] "POST /phpmyadmin/index.php?route=/import HTTP/1.1" 200 558 "-" "Mozilla/5.0 (Windows NT 10.0; Win64; x64) AppleWebKit/537.36 (KHTML, like Gecko) Chrome/98.0.4758.109 Safari/537.36 OPR/84.0.4316.52"
::1 - - [03/Apr/2022:17:19:33 +0200] "POST /phpmyadmin/index.php?route=/lint HTTP/1.1" 200 28 "-" "Mozilla/5.0 (Windows NT 10.0; Win64; x64) AppleWebKit/537.36 (KHTML, like Gecko) Chrome/98.0.4758.109 Safari/537.36 OPR/84.0.4316.52"
::1 - - [03/Apr/2022:17:19:35 +0200] "POST /phpmyadmin/index.php?route=/lint HTTP/1.1" 200 138 "-" "Mozilla/5.0 (Windows NT 10.0; Win64; x64) AppleWebKit/537.36 (KHTML, like Gecko) Chrome/98.0.4758.109 Safari/537.36 OPR/84.0.4316.52"
::1 - - [03/Apr/2022:17:19:39 +0200] "POST /phpmyadmin/index.php?route=/lint HTTP/1.1" 200 28 "-" "Mozilla/5.0 (Windows NT 10.0; Win64; x64) AppleWebKit/537.36 (KHTML, like Gecko) Chrome/98.0.4758.109 Safari/537.36 OPR/84.0.4316.52"
::1 - - [03/Apr/2022:17:19:40 +0200] "POST /phpmyadmin/index.php?route=/import HTTP/1.1" 200 507 "-" "Mozilla/5.0 (Windows NT 10.0; Win64; x64) AppleWebKit/537.36 (KHTML, like Gecko) Chrome/98.0.4758.109 Safari/537.36 OPR/84.0.4316.52"
::1 - - [03/Apr/2022:17:19:56 +0200] "POST /phpmyadmin/index.php?route=/lint HTTP/1.1" 200 28 "-" "Mozilla/5.0 (Windows NT 10.0; Win64; x64) AppleWebKit/537.36 (KHTML, like Gecko) Chrome/98.0.4758.109 Safari/537.36 OPR/84.0.4316.52"
::1 - - [03/Apr/2022:17:19:57 +0200] "POST /phpmyadmin/index.php?route=/lint HTTP/1.1" 200 28 "-" "Mozilla/5.0 (Windows NT 10.0; Win64; x64) AppleWebKit/537.36 (KHTML, like Gecko) Chrome/98.0.4758.109 Safari/537.36 OPR/84.0.4316.52"
::1 - - [03/Apr/2022:17:19:58 +0200] "POST /phpmyadmin/index.php?route=/import HTTP/1.1" 200 470 "-" "Mozilla/5.0 (Windows NT 10.0; Win64; x64) AppleWebKit/537.36 (KHTML, like Gecko) Chrome/98.0.4758.109 Safari/537.36 OPR/84.0.4316.52"
::1 - - [03/Apr/2022:17:20:17 +0200] "GET /phpmyadmin/index.php?route=/database/structure&server=1&db=doctrine&ajax_request=true&ajax_page_request=true&_nocache=1648999217370204964&token=4b412b535a3b5e277024572f5c4a6775 HTTP/1.1" 200 3261 "-" "Mozilla/5.0 (Windows NT 10.0; Win64; x64) AppleWebKit/537.36 (KHTML, like Gecko) Chrome/98.0.4758.109 Safari/537.36 OPR/84.0.4316.52"
::1 - - [03/Apr/2022:17:20:17 +0200] "POST /phpmyadmin/index.php?route=/navigation&ajax_request=1 HTTP/1.1" 200 2396 "-" "Mozilla/5.0 (Windows NT 10.0; Win64; x64) AppleWebKit/537.36 (KHTML, like Gecko) Chrome/98.0.4758.109 Safari/537.36 OPR/84.0.4316.52"
::1 - - [03/Apr/2022:17:20:19 +0200] "GET /phpmyadmin/index.php?route=/database/sql&db=doctrine&ajax_request=true&ajax_page_request=true&_nocache=1648999219116201032&token=4b412b535a3b5e277024572f5c4a6775 HTTP/1.1" 200 5218 "-" "Mozilla/5.0 (Windows NT 10.0; Win64; x64) AppleWebKit/537.36 (KHTML, like Gecko) Chrome/98.0.4758.109 Safari/537.36 OPR/84.0.4316.52"
::1 - - [03/Apr/2022:17:20:19 +0200] "POST /phpmyadmin/index.php?route=/navigation&ajax_request=1 HTTP/1.1" 200 2396 "-" "Mozilla/5.0 (Windows NT 10.0; Win64; x64) AppleWebKit/537.36 (KHTML, like Gecko) Chrome/98.0.4758.109 Safari/537.36 OPR/84.0.4316.52"
::1 - - [03/Apr/2022:17:20:39 +0200] "POST /phpmyadmin/index.php?route=/database/sql/autocomplete HTTP/1.1" 200 1722 "-" "Mozilla/5.0 (Windows NT 10.0; Win64; x64) AppleWebKit/537.36 (KHTML, like Gecko) Chrome/98.0.4758.109 Safari/537.36 OPR/84.0.4316.52"
::1 - - [03/Apr/2022:17:20:40 +0200] "POST /phpmyadmin/index.php?route=/lint HTTP/1.1" 200 28 "-" "Mozilla/5.0 (Windows NT 10.0; Win64; x64) AppleWebKit/537.36 (KHTML, like Gecko) Chrome/98.0.4758.109 Safari/537.36 OPR/84.0.4316.52"
::1 - - [03/Apr/2022:17:20:42 +0200] "POST /phpmyadmin/index.php?route=/lint HTTP/1.1" 200 28 "-" "Mozilla/5.0 (Windows NT 10.0; Win64; x64) AppleWebKit/537.36 (KHTML, like Gecko) Chrome/98.0.4758.109 Safari/537.36 OPR/84.0.4316.52"
::1 - - [03/Apr/2022:17:20:43 +0200] "POST /phpmyadmin/index.php?route=/lint HTTP/1.1" 200 138 "-" "Mozilla/5.0 (Windows NT 10.0; Win64; x64) AppleWebKit/537.36 (KHTML, like Gecko) Chrome/98.0.4758.109 Safari/537.36 OPR/84.0.4316.52"
::1 - - [03/Apr/2022:17:20:46 +0200] "POST /phpmyadmin/index.php?route=/import HTTP/1.1" 200 543 "-" "Mozilla/5.0 (Windows NT 10.0; Win64; x64) AppleWebKit/537.36 (KHTML, like Gecko) Chrome/98.0.4758.109 Safari/537.36 OPR/84.0.4316.52"
::1 - - [03/Apr/2022:17:20:50 +0200] "POST /phpmyadmin/index.php?route=/lint HTTP/1.1" 200 28 "-" "Mozilla/5.0 (Windows NT 10.0; Win64; x64) AppleWebKit/537.36 (KHTML, like Gecko) Chrome/98.0.4758.109 Safari/537.36 OPR/84.0.4316.52"
::1 - - [03/Apr/2022:17:20:51 +0200] "POST /phpmyadmin/index.php?route=/lint HTTP/1.1" 200 28 "-" "Mozilla/5.0 (Windows NT 10.0; Win64; x64) AppleWebKit/537.36 (KHTML, like Gecko) Chrome/98.0.4758.109 Safari/537.36 OPR/84.0.4316.52"
::1 - - [03/Apr/2022:17:20:52 +0200] "POST /phpmyadmin/index.php?route=/import HTTP/1.1" 200 507 "-" "Mozilla/5.0 (Windows NT 10.0; Win64; x64) AppleWebKit/537.36 (KHTML, like Gecko) Chrome/98.0.4758.109 Safari/537.36 OPR/84.0.4316.52"
::1 - - [03/Apr/2022:17:21:45 +0200] "GET /phpmyadmin/index.php?route=/database/sql&db=doctrine HTTP/1.1" 302 11669 "-" "Mozilla/5.0 (Windows NT 10.0; Win64; x64) AppleWebKit/537.36 (KHTML, like Gecko) Chrome/98.0.4758.109 Safari/537.36 OPR/84.0.4316.52"
::1 - - [03/Apr/2022:17:21:45 +0200] "GET /phpmyadmin/index.php?route=/&reload=1 HTTP/1.1" 200 16956 "-" "Mozilla/5.0 (Windows NT 10.0; Win64; x64) AppleWebKit/537.36 (KHTML, like Gecko) Chrome/98.0.4758.109 Safari/537.36 OPR/84.0.4316.52"
::1 - - [03/Apr/2022:17:21:45 +0200] "GET /phpmyadmin/themes/pmahomme/css/theme.css?v=5.1.3&nocache=3991008768ltr&server=1 HTTP/1.1" 200 216144 "-" "Mozilla/5.0 (Windows NT 10.0; Win64; x64) AppleWebKit/537.36 (KHTML, like Gecko) Chrome/98.0.4758.109 Safari/537.36 OPR/84.0.4316.52"
::1 - - [03/Apr/2022:17:21:46 +0200] "POST /phpmyadmin/index.php?route=/config/get HTTP/1.1" 200 1605 "-" "Mozilla/5.0 (Windows NT 10.0; Win64; x64) AppleWebKit/537.36 (KHTML, like Gecko) Chrome/98.0.4758.109 Safari/537.36 OPR/84.0.4316.52"
::1 - - [03/Apr/2022:17:21:46 +0200] "POST /phpmyadmin/index.php?route=/navigation&ajax_request=1 HTTP/1.1" 200 2344 "-" "Mozilla/5.0 (Windows NT 10.0; Win64; x64) AppleWebKit/537.36 (KHTML, like Gecko) Chrome/98.0.4758.109 Safari/537.36 OPR/84.0.4316.52"
::1 - - [03/Apr/2022:17:21:46 +0200] "POST /phpmyadmin/index.php?route=/config/get HTTP/1.1" 200 1696 "-" "Mozilla/5.0 (Windows NT 10.0; Win64; x64) AppleWebKit/537.36 (KHTML, like Gecko) Chrome/98.0.4758.109 Safari/537.36 OPR/84.0.4316.52"
::1 - - [03/Apr/2022:17:21:46 +0200] "POST /phpmyadmin/index.php?route=/version-check HTTP/1.1" 200 48 "-" "Mozilla/5.0 (Windows NT 10.0; Win64; x64) AppleWebKit/537.36 (KHTML, like Gecko) Chrome/98.0.4758.109 Safari/537.36 OPR/84.0.4316.52"
::1 - - [03/Apr/2022:17:21:46 +0200] "POST /phpmyadmin/index.php?route=/database/structure/favorite-table&ajax_request=1&favorite_table=1&sync_favorite_tables=1 HTTP/1.1" 200 176 "-" "Mozilla/5.0 (Windows NT 10.0; Win64; x64) AppleWebKit/537.36 (KHTML, like Gecko) Chrome/98.0.4758.109 Safari/537.36 OPR/84.0.4316.52"
::1 - - [03/Apr/2022:17:21:47 +0200] "POST /phpmyadmin/index.php?route=/config/set HTTP/1.1" 200 1596 "-" "Mozilla/5.0 (Windows NT 10.0; Win64; x64) AppleWebKit/537.36 (KHTML, like Gecko) Chrome/98.0.4758.109 Safari/537.36 OPR/84.0.4316.52"
::1 - - [03/Apr/2022:17:25:30 +0200] "GET /phpmyadmin/index.php?route=/&reload=1 HTTP/1.1" 200 16984 "-" "Mozilla/5.0 (Windows NT 10.0; Win64; x64) AppleWebKit/537.36 (KHTML, like Gecko) Chrome/98.0.4758.109 Safari/537.36 OPR/84.0.4316.52"
::1 - - [03/Apr/2022:17:25:30 +0200] "GET /phpmyadmin/themes/pmahomme/css/theme.css?v=5.1.3&nocache=3681283561ltr&server=1 HTTP/1.1" 200 216144 "-" "Mozilla/5.0 (Windows NT 10.0; Win64; x64) AppleWebKit/537.36 (KHTML, like Gecko) Chrome/98.0.4758.109 Safari/537.36 OPR/84.0.4316.52"
::1 - - [03/Apr/2022:17:25:31 +0200] "POST /phpmyadmin/index.php?route=/config/get HTTP/1.1" 200 1605 "-" "Mozilla/5.0 (Windows NT 10.0; Win64; x64) AppleWebKit/537.36 (KHTML, like Gecko) Chrome/98.0.4758.109 Safari/537.36 OPR/84.0.4316.52"
::1 - - [03/Apr/2022:17:25:31 +0200] "POST /phpmyadmin/index.php?route=/navigation&ajax_request=1 HTTP/1.1" 200 2374 "-" "Mozilla/5.0 (Windows NT 10.0; Win64; x64) AppleWebKit/537.36 (KHTML, like Gecko) Chrome/98.0.4758.109 Safari/537.36 OPR/84.0.4316.52"
::1 - - [03/Apr/2022:17:25:32 +0200] "POST /phpmyadmin/index.php?route=/config/get HTTP/1.1" 200 1696 "-" "Mozilla/5.0 (Windows NT 10.0; Win64; x64) AppleWebKit/537.36 (KHTML, like Gecko) Chrome/98.0.4758.109 Safari/537.36 OPR/84.0.4316.52"
::1 - - [03/Apr/2022:17:25:32 +0200] "POST /phpmyadmin/index.php?route=/version-check HTTP/1.1" 200 48 "-" "Mozilla/5.0 (Windows NT 10.0; Win64; x64) AppleWebKit/537.36 (KHTML, like Gecko) Chrome/98.0.4758.109 Safari/537.36 OPR/84.0.4316.52"
::1 - - [03/Apr/2022:17:25:32 +0200] "POST /phpmyadmin/index.php?route=/database/structure/favorite-table&ajax_request=1&favorite_table=1&sync_favorite_tables=1 HTTP/1.1" 200 176 "-" "Mozilla/5.0 (Windows NT 10.0; Win64; x64) AppleWebKit/537.36 (KHTML, like Gecko) Chrome/98.0.4758.109 Safari/537.36 OPR/84.0.4316.52"
::1 - - [03/Apr/2022:17:25:32 +0200] "POST /phpmyadmin/index.php?route=/config/set HTTP/1.1" 200 1596 "-" "Mozilla/5.0 (Windows NT 10.0; Win64; x64) AppleWebKit/537.36 (KHTML, like Gecko) Chrome/98.0.4758.109 Safari/537.36 OPR/84.0.4316.52"
::1 - - [03/Apr/2022:17:25:32 +0200] "GET /phpmyadmin/index.php?route=/database/structure&server=1&db=baza&ajax_request=true&ajax_page_request=true&_nocache=1648999532870759337&token=4b412b535a3b5e277024572f5c4a6775 HTTP/1.1" 200 3256 "-" "Mozilla/5.0 (Windows NT 10.0; Win64; x64) AppleWebKit/537.36 (KHTML, like Gecko) Chrome/98.0.4758.109 Safari/537.36 OPR/84.0.4316.52"
::1 - - [03/Apr/2022:17:25:33 +0200] "POST /phpmyadmin/index.php?route=/navigation&ajax_request=1 HTTP/1.1" 200 2374 "-" "Mozilla/5.0 (Windows NT 10.0; Win64; x64) AppleWebKit/537.36 (KHTML, like Gecko) Chrome/98.0.4758.109 Safari/537.36 OPR/84.0.4316.52"
::1 - - [03/Apr/2022:17:25:33 +0200] "POST /phpmyadmin/index.php?route=/navigation&ajax_request=1 HTTP/1.1" 200 1621 "-" "Mozilla/5.0 (Windows NT 10.0; Win64; x64) AppleWebKit/537.36 (KHTML, like Gecko) Chrome/98.0.4758.109 Safari/537.36 OPR/84.0.4316.52"
::1 - - [03/Apr/2022:17:25:33 +0200] "POST /phpmyadmin/index.php?route=/navigation&ajax_request=1 HTTP/1.1" 200 1621 "-" "Mozilla/5.0 (Windows NT 10.0; Win64; x64) AppleWebKit/537.36 (KHTML, like Gecko) Chrome/98.0.4758.109 Safari/537.36 OPR/84.0.4316.52"
::1 - - [03/Apr/2022:17:25:35 +0200] "GET /phpmyadmin/index.php?route=/database/sql&db=baza&ajax_request=true&ajax_page_request=true&_nocache=1648999534985673652&token=4b412b535a3b5e277024572f5c4a6775 HTTP/1.1" 200 5214 "-" "Mozilla/5.0 (Windows NT 10.0; Win64; x64) AppleWebKit/537.36 (KHTML, like Gecko) Chrome/98.0.4758.109 Safari/537.36 OPR/84.0.4316.52"
::1 - - [03/Apr/2022:17:25:35 +0200] "POST /phpmyadmin/index.php?route=/navigation&ajax_request=1 HTTP/1.1" 200 2388 "-" "Mozilla/5.0 (Windows NT 10.0; Win64; x64) AppleWebKit/537.36 (KHTML, like Gecko) Chrome/98.0.4758.109 Safari/537.36 OPR/84.0.4316.52"
::1 - - [03/Apr/2022:17:25:49 +0200] "POST /phpmyadmin/index.php?route=/database/sql/autocomplete HTTP/1.1" 200 1719 "-" "Mozilla/5.0 (Windows NT 10.0; Win64; x64) AppleWebKit/537.36 (KHTML, like Gecko) Chrome/98.0.4758.109 Safari/537.36 OPR/84.0.4316.52"
::1 - - [03/Apr/2022:17:25:49 +0200] "POST /phpmyadmin/index.php?route=/lint HTTP/1.1" 200 28 "-" "Mozilla/5.0 (Windows NT 10.0; Win64; x64) AppleWebKit/537.36 (KHTML, like Gecko) Chrome/98.0.4758.109 Safari/537.36 OPR/84.0.4316.52"
::1 - - [03/Apr/2022:17:26:00 +0200] "POST /phpmyadmin/index.php?route=/lint HTTP/1.1" 200 167 "-" "Mozilla/5.0 (Windows NT 10.0; Win64; x64) AppleWebKit/537.36 (KHTML, like Gecko) Chrome/98.0.4758.109 Safari/537.36 OPR/84.0.4316.52"
::1 - - [03/Apr/2022:17:26:03 +0200] "POST /phpmyadmin/index.php?route=/lint HTTP/1.1" 200 28 "-" "Mozilla/5.0 (Windows NT 10.0; Win64; x64) AppleWebKit/537.36 (KHTML, like Gecko) Chrome/98.0.4758.109 Safari/537.36 OPR/84.0.4316.52"
::1 - - [03/Apr/2022:17:26:05 +0200] "POST /phpmyadmin/index.php?route=/lint HTTP/1.1" 200 28 "-" "Mozilla/5.0 (Windows NT 10.0; Win64; x64) AppleWebKit/537.36 (KHTML, like Gecko) Chrome/98.0.4758.109 Safari/537.36 OPR/84.0.4316.52"
::1 - - [03/Apr/2022:17:26:06 +0200] "POST /phpmyadmin/index.php?route=/lint HTTP/1.1" 200 28 "-" "Mozilla/5.0 (Windows NT 10.0; Win64; x64) AppleWebKit/537.36 (KHTML, like Gecko) Chrome/98.0.4758.109 Safari/537.36 OPR/84.0.4316.52"
::1 - - [03/Apr/2022:17:26:11 +0200] "POST /phpmyadmin/index.php?route=/import HTTP/1.1" 200 4524 "-" "Mozilla/5.0 (Windows NT 10.0; Win64; x64) AppleWebKit/537.36 (KHTML, like Gecko) Chrome/98.0.4758.109 Safari/537.36 OPR/84.0.4316.52"
::1 - - [03/Apr/2022:17:26:12 +0200] "GET /phpmyadmin/themes/pmahomme/img/s_success.png HTTP/1.1" 200 465 "http://localhost/phpmyadmin/themes/pmahomme/css/theme.css?v=5.1.3&nocache=3681283561ltr&server=1" "Mozilla/5.0 (Windows NT 10.0; Win64; x64) AppleWebKit/537.36 (KHTML, like Gecko) Chrome/98.0.4758.109 Safari/537.36 OPR/84.0.4316.52"
::1 - - [03/Apr/2022:17:26:12 +0200] "POST /phpmyadmin/index.php?route=/navigation&ajax_request=1 HTTP/1.1" 200 2927 "-" "Mozilla/5.0 (Windows NT 10.0; Win64; x64) AppleWebKit/537.36 (KHTML, like Gecko) Chrome/98.0.4758.109 Safari/537.36 OPR/84.0.4316.52"
::1 - - [03/Apr/2022:17:26:16 +0200] "GET /phpmyadmin/index.php?route=/database/structure&server=1&db=baza&ajax_request=true&ajax_page_request=true&_nocache=1648999576869443574&token=4b412b535a3b5e277024572f5c4a6775 HTTP/1.1" 200 6809 "-" "Mozilla/5.0 (Windows NT 10.0; Win64; x64) AppleWebKit/537.36 (KHTML, like Gecko) Chrome/98.0.4758.109 Safari/537.36 OPR/84.0.4316.52"
::1 - - [03/Apr/2022:17:26:17 +0200] "POST /phpmyadmin/index.php?route=/navigation&ajax_request=1 HTTP/1.1" 200 2915 "-" "Mozilla/5.0 (Windows NT 10.0; Win64; x64) AppleWebKit/537.36 (KHTML, like Gecko) Chrome/98.0.4758.109 Safari/537.36 OPR/84.0.4316.52"
::1 - - [03/Apr/2022:17:26:41 +0200] "GET /phpmyadmin/index.php?route=/sql&server=1&db=baza&table=image_album&pos=0&ajax_request=true&ajax_page_request=true&_nocache=1648999601808288459&token=4b412b535a3b5e277024572f5c4a6775 HTTP/1.1" 200 5659 "-" "Mozilla/5.0 (Windows NT 10.0; Win64; x64) AppleWebKit/537.36 (KHTML, like Gecko) Chrome/98.0.4758.109 Safari/537.36 OPR/84.0.4316.52"
::1 - - [03/Apr/2022:17:26:42 +0200] "GET /phpmyadmin/themes/pmahomme/img/s_tbl.png HTTP/1.1" 200 645 "http://localhost/phpmyadmin/themes/pmahomme/css/theme.css?v=5.1.3&nocache=3681283561ltr&server=1" "Mozilla/5.0 (Windows NT 10.0; Win64; x64) AppleWebKit/537.36 (KHTML, like Gecko) Chrome/98.0.4758.109 Safari/537.36 OPR/84.0.4316.52"
::1 - - [03/Apr/2022:17:26:42 +0200] "GET /phpmyadmin/themes/pmahomme/img/b_view_add.png HTTP/1.1" 200 678 "http://localhost/phpmyadmin/themes/pmahomme/css/theme.css?v=5.1.3&nocache=3681283561ltr&server=1" "Mozilla/5.0 (Windows NT 10.0; Win64; x64) AppleWebKit/537.36 (KHTML, like Gecko) Chrome/98.0.4758.109 Safari/537.36 OPR/84.0.4316.52"
::1 - - [03/Apr/2022:17:26:42 +0200] "GET /phpmyadmin/themes/pmahomme/img/b_bookmark.png HTTP/1.1" 200 637 "http://localhost/phpmyadmin/themes/pmahomme/css/theme.css?v=5.1.3&nocache=3681283561ltr&server=1" "Mozilla/5.0 (Windows NT 10.0; Win64; x64) AppleWebKit/537.36 (KHTML, like Gecko) Chrome/98.0.4758.109 Safari/537.36 OPR/84.0.4316.52"
::1 - - [03/Apr/2022:17:26:42 +0200] "GET /phpmyadmin/js/dist/multi_column_sort.js?v=5.1.3 HTTP/1.1" 200 1296 "-" "Mozilla/5.0 (Windows NT 10.0; Win64; x64) AppleWebKit/537.36 (KHTML, like Gecko) Chrome/98.0.4758.109 Safari/537.36 OPR/84.0.4316.52"
::1 - - [03/Apr/2022:17:26:42 +0200] "GET /phpmyadmin/js/dist/gis_data_editor.js?v=5.1.3 HTTP/1.1" 200 13782 "-" "Mozilla/5.0 (Windows NT 10.0; Win64; x64) AppleWebKit/537.36 (KHTML, like Gecko) Chrome/98.0.4758.109 Safari/537.36 OPR/84.0.4316.52"
::1 - - [03/Apr/2022:17:26:42 +0200] "GET /phpmyadmin/index.php?route=/recent-table&ajax_request=1&recent_table=1&no_debug=true&_nocache=1648999602557446131&token=4b412b535a3b5e277024572f5c4a6775 HTTP/1.1" 200 1655 "-" "Mozilla/5.0 (Windows NT 10.0; Win64; x64) AppleWebKit/537.36 (KHTML, like Gecko) Chrome/98.0.4758.109 Safari/537.36 OPR/84.0.4316.52"
::1 - - [03/Apr/2022:17:26:47 +0200] "GET /phpmyadmin/themes/pmahomme/img/b_browse.png HTTP/1.1" 200 486 "http://localhost/phpmyadmin/themes/pmahomme/css/theme.css?v=5.1.3&nocache=3681283561ltr&server=1" "Mozilla/5.0 (Windows NT 10.0; Win64; x64) AppleWebKit/537.36 (KHTML, like Gecko) Chrome/98.0.4758.109 Safari/537.36 OPR/84.0.4316.52"
::1 - - [03/Apr/2022:17:26:47 +0200] "GET /phpmyadmin/themes/pmahomme/img/b_tblexport.png HTTP/1.1" 200 514 "http://localhost/phpmyadmin/themes/pmahomme/css/theme.css?v=5.1.3&nocache=3681283561ltr&server=1" "Mozilla/5.0 (Windows NT 10.0; Win64; x64) AppleWebKit/537.36 (KHTML, like Gecko) Chrome/98.0.4758.109 Safari/537.36 OPR/84.0.4316.52"
::1 - - [03/Apr/2022:17:26:47 +0200] "GET /phpmyadmin/themes/pmahomme/img/b_tblimport.png HTTP/1.1" 200 556 "http://localhost/phpmyadmin/themes/pmahomme/css/theme.css?v=5.1.3&nocache=3681283561ltr&server=1" "Mozilla/5.0 (Windows NT 10.0; Win64; x64) AppleWebKit/537.36 (KHTML, like Gecko) Chrome/98.0.4758.109 Safari/537.36 OPR/84.0.4316.52"
::1 - - [03/Apr/2022:17:26:49 +0200] "GET /phpmyadmin/index.php?route=/table/structure&db=baza&table=image_album&ajax_request=true&ajax_page_request=true&_nocache=1648999609176659720&token=4b412b535a3b5e277024572f5c4a6775 HTTP/1.1" 200 8152 "-" "Mozilla/5.0 (Windows NT 10.0; Win64; x64) AppleWebKit/537.36 (KHTML, like Gecko) Chrome/98.0.4758.109 Safari/537.36 OPR/84.0.4316.52"
::1 - - [03/Apr/2022:17:26:50 +0200] "GET /phpmyadmin/themes/pmahomme/img/b_primary.png HTTP/1.1" 200 536 "http://localhost/phpmyadmin/themes/pmahomme/css/theme.css?v=5.1.3&nocache=3681283561ltr&server=1" "Mozilla/5.0 (Windows NT 10.0; Win64; x64) AppleWebKit/537.36 (KHTML, like Gecko) Chrome/98.0.4758.109 Safari/537.36 OPR/84.0.4316.52"
::1 - - [03/Apr/2022:17:26:50 +0200] "GET /phpmyadmin/themes/pmahomme/img/b_unique.png HTTP/1.1" 200 583 "http://localhost/phpmyadmin/themes/pmahomme/css/theme.css?v=5.1.3&nocache=3681283561ltr&server=1" "Mozilla/5.0 (Windows NT 10.0; Win64; x64) AppleWebKit/537.36 (KHTML, like Gecko) Chrome/98.0.4758.109 Safari/537.36 OPR/84.0.4316.52"
::1 - - [03/Apr/2022:17:26:50 +0200] "GET /phpmyadmin/themes/pmahomme/img/b_index.png HTTP/1.1" 200 643 "http://localhost/phpmyadmin/themes/pmahomme/css/theme.css?v=5.1.3&nocache=3681283561ltr&server=1" "Mozilla/5.0 (Windows NT 10.0; Win64; x64) AppleWebKit/537.36 (KHTML, like Gecko) Chrome/98.0.4758.109 Safari/537.36 OPR/84.0.4316.52"
::1 - - [03/Apr/2022:17:26:50 +0200] "GET /phpmyadmin/themes/pmahomme/img/bd_primary.png HTTP/1.1" 200 294 "http://localhost/phpmyadmin/themes/pmahomme/css/theme.css?v=5.1.3&nocache=3681283561ltr&server=1" "Mozilla/5.0 (Windows NT 10.0; Win64; x64) AppleWebKit/537.36 (KHTML, like Gecko) Chrome/98.0.4758.109 Safari/537.36 OPR/84.0.4316.52"
::1 - - [03/Apr/2022:17:26:50 +0200] "GET /phpmyadmin/themes/pmahomme/img/b_spatial.png HTTP/1.1" 200 376 "http://localhost/phpmyadmin/themes/pmahomme/css/theme.css?v=5.1.3&nocache=3681283561ltr&server=1" "Mozilla/5.0 (Windows NT 10.0; Win64; x64) AppleWebKit/537.36 (KHTML, like Gecko) Chrome/98.0.4758.109 Safari/537.36 OPR/84.0.4316.52"
::1 - - [03/Apr/2022:17:26:50 +0200] "GET /phpmyadmin/themes/pmahomme/img/b_ftext.png HTTP/1.1" 200 550 "http://localhost/phpmyadmin/themes/pmahomme/css/theme.css?v=5.1.3&nocache=3681283561ltr&server=1" "Mozilla/5.0 (Windows NT 10.0; Win64; x64) AppleWebKit/537.36 (KHTML, like Gecko) Chrome/98.0.4758.109 Safari/537.36 OPR/84.0.4316.52"
::1 - - [03/Apr/2022:17:26:50 +0200] "GET /phpmyadmin/themes/pmahomme/img/b_move.png HTTP/1.1" 200 381 "http://localhost/phpmyadmin/themes/pmahomme/css/theme.css?v=5.1.3&nocache=3681283561ltr&server=1" "Mozilla/5.0 (Windows NT 10.0; Win64; x64) AppleWebKit/537.36 (KHTML, like Gecko) Chrome/98.0.4758.109 Safari/537.36 OPR/84.0.4316.52"
::1 - - [03/Apr/2022:17:26:50 +0200] "GET /phpmyadmin/themes/pmahomme/img/centralColumns_add.png HTTP/1.1" 200 676 "http://localhost/phpmyadmin/themes/pmahomme/css/theme.css?v=5.1.3&nocache=3681283561ltr&server=1" "Mozilla/5.0 (Windows NT 10.0; Win64; x64) AppleWebKit/537.36 (KHTML, like Gecko) Chrome/98.0.4758.109 Safari/537.36 OPR/84.0.4316.52"
::1 - - [03/Apr/2022:17:26:50 +0200] "GET /phpmyadmin/themes/pmahomme/img/normalize.png HTTP/1.1" 200 505 "http://localhost/phpmyadmin/themes/pmahomme/css/theme.css?v=5.1.3&nocache=3681283561ltr&server=1" "Mozilla/5.0 (Windows NT 10.0; Win64; x64) AppleWebKit/537.36 (KHTML, like Gecko) Chrome/98.0.4758.109 Safari/537.36 OPR/84.0.4316.52"
::1 - - [03/Apr/2022:17:26:50 +0200] "GET /phpmyadmin/themes/pmahomme/img/centralColumns_delete.png HTTP/1.1" 200 683 "http://localhost/phpmyadmin/themes/pmahomme/css/theme.css?v=5.1.3&nocache=3681283561ltr&server=1" "Mozilla/5.0 (Windows NT 10.0; Win64; x64) AppleWebKit/537.36 (KHTML, like Gecko) Chrome/98.0.4758.109 Safari/537.36 OPR/84.0.4316.52"
::1 - - [03/Apr/2022:17:26:50 +0200] "GET /phpmyadmin/themes/pmahomme/img/b_rename.svg HTTP/1.1" 200 881 "http://localhost/phpmyadmin/themes/pmahomme/css/theme.css?v=5.1.3&nocache=3681283561ltr&server=1" "Mozilla/5.0 (Windows NT 10.0; Win64; x64) AppleWebKit/537.36 (KHTML, like Gecko) Chrome/98.0.4758.109 Safari/537.36 OPR/84.0.4316.52"
::1 - - [03/Apr/2022:17:26:50 +0200] "GET /phpmyadmin/themes/pmahomme/img/b_tbloptimize.png HTTP/1.1" 200 153 "http://localhost/phpmyadmin/themes/pmahomme/css/theme.css?v=5.1.3&nocache=3681283561ltr&server=1" "Mozilla/5.0 (Windows NT 10.0; Win64; x64) AppleWebKit/537.36 (KHTML, like Gecko) Chrome/98.0.4758.109 Safari/537.36 OPR/84.0.4316.52"
::1 - - [03/Apr/2022:17:26:50 +0200] "GET /phpmyadmin/js/dist/table/structure.js?v=5.1.3 HTTP/1.1" 200 17577 "-" "Mozilla/5.0 (Windows NT 10.0; Win64; x64) AppleWebKit/537.36 (KHTML, like Gecko) Chrome/98.0.4758.109 Safari/537.36 OPR/84.0.4316.52"
::1 - - [03/Apr/2022:17:26:50 +0200] "POST /phpmyadmin/index.php?route=/navigation&ajax_request=1 HTTP/1.1" 200 2943 "-" "Mozilla/5.0 (Windows NT 10.0; Win64; x64) AppleWebKit/537.36 (KHTML, like Gecko) Chrome/98.0.4758.109 Safari/537.36 OPR/84.0.4316.52"
::1 - - [03/Apr/2022:17:26:50 +0200] "GET /phpmyadmin/index.php?route=/recent-table&ajax_request=1&recent_table=1&no_debug=true&_nocache=1648999610147627150&token=4b412b535a3b5e277024572f5c4a6775 HTTP/1.1" 200 1655 "-" "Mozilla/5.0 (Windows NT 10.0; Win64; x64) AppleWebKit/537.36 (KHTML, like Gecko) Chrome/98.0.4758.109 Safari/537.36 OPR/84.0.4316.52"
::1 - - [03/Apr/2022:17:26:55 +0200] "POST /phpmyadmin/index.php?route=/table/structure/primary HTTP/1.1" 200 80 "-" "Mozilla/5.0 (Windows NT 10.0; Win64; x64) AppleWebKit/537.36 (KHTML, like Gecko) Chrome/98.0.4758.109 Safari/537.36 OPR/84.0.4316.52"
::1 - - [03/Apr/2022:17:27:01 +0200] "POST /phpmyadmin/index.php?route=/table/structure/primary HTTP/1.1" 200 8392 "-" "Mozilla/5.0 (Windows NT 10.0; Win64; x64) AppleWebKit/537.36 (KHTML, like Gecko) Chrome/98.0.4758.109 Safari/537.36 OPR/84.0.4316.52"
::1 - - [03/Apr/2022:17:27:02 +0200] "POST /phpmyadmin/index.php?route=/navigation&ajax_request=1 HTTP/1.1" 200 2943 "-" "Mozilla/5.0 (Windows NT 10.0; Win64; x64) AppleWebKit/537.36 (KHTML, like Gecko) Chrome/98.0.4758.109 Safari/537.36 OPR/84.0.4316.52"
::1 - - [03/Apr/2022:17:27:02 +0200] "GET /phpmyadmin/index.php?route=/recent-table&ajax_request=1&recent_table=1&no_debug=true&_nocache=1648999622178243606&token=4b412b535a3b5e277024572f5c4a6775 HTTP/1.1" 200 1655 "-" "Mozilla/5.0 (Windows NT 10.0; Win64; x64) AppleWebKit/537.36 (KHTML, like Gecko) Chrome/98.0.4758.109 Safari/537.36 OPR/84.0.4316.52"
::1 - - [03/Apr/2022:17:27:15 +0200] "GET /phpmyadmin/index.php?route=/sql&server=1&db=baza&table=image_tag&pos=0&ajax_request=true&ajax_page_request=true&_nocache=1648999635336533547&token=4b412b535a3b5e277024572f5c4a6775 HTTP/1.1" 200 5656 "-" "Mozilla/5.0 (Windows NT 10.0; Win64; x64) AppleWebKit/537.36 (KHTML, like Gecko) Chrome/98.0.4758.109 Safari/537.36 OPR/84.0.4316.52"
::1 - - [03/Apr/2022:17:27:15 +0200] "GET /phpmyadmin/index.php?route=/recent-table&ajax_request=1&recent_table=1&no_debug=true&_nocache=1648999635682942399&token=4b412b535a3b5e277024572f5c4a6775 HTTP/1.1" 200 1666 "-" "Mozilla/5.0 (Windows NT 10.0; Win64; x64) AppleWebKit/537.36 (KHTML, like Gecko) Chrome/98.0.4758.109 Safari/537.36 OPR/84.0.4316.52"
::1 - - [03/Apr/2022:17:27:16 +0200] "GET /phpmyadmin/index.php?route=/table/structure&db=baza&table=image_tag&ajax_request=true&ajax_page_request=true&_nocache=1648999636879101081&token=4b412b535a3b5e277024572f5c4a6775 HTTP/1.1" 200 8191 "-" "Mozilla/5.0 (Windows NT 10.0; Win64; x64) AppleWebKit/537.36 (KHTML, like Gecko) Chrome/98.0.4758.109 Safari/537.36 OPR/84.0.4316.52"
::1 - - [03/Apr/2022:17:27:17 +0200] "POST /phpmyadmin/index.php?route=/navigation&ajax_request=1 HTTP/1.1" 200 2952 "-" "Mozilla/5.0 (Windows NT 10.0; Win64; x64) AppleWebKit/537.36 (KHTML, like Gecko) Chrome/98.0.4758.109 Safari/537.36 OPR/84.0.4316.52"
::1 - - [03/Apr/2022:17:27:17 +0200] "GET /phpmyadmin/index.php?route=/recent-table&ajax_request=1&recent_table=1&no_debug=true&_nocache=1648999637229937396&token=4b412b535a3b5e277024572f5c4a6775 HTTP/1.1" 200 1666 "-" "Mozilla/5.0 (Windows NT 10.0; Win64; x64) AppleWebKit/537.36 (KHTML, like Gecko) Chrome/98.0.4758.109 Safari/537.36 OPR/84.0.4316.52"
::1 - - [03/Apr/2022:17:27:20 +0200] "POST /phpmyadmin/index.php?route=/table/structure/primary HTTP/1.1" 200 8493 "-" "Mozilla/5.0 (Windows NT 10.0; Win64; x64) AppleWebKit/537.36 (KHTML, like Gecko) Chrome/98.0.4758.109 Safari/537.36 OPR/84.0.4316.52"
::1 - - [03/Apr/2022:17:27:20 +0200] "POST /phpmyadmin/index.php?route=/navigation&ajax_request=1 HTTP/1.1" 200 2952 "-" "Mozilla/5.0 (Windows NT 10.0; Win64; x64) AppleWebKit/537.36 (KHTML, like Gecko) Chrome/98.0.4758.109 Safari/537.36 OPR/84.0.4316.52"
::1 - - [03/Apr/2022:17:27:20 +0200] "GET /phpmyadmin/index.php?route=/recent-table&ajax_request=1&recent_table=1&no_debug=true&_nocache=1648999640908639073&token=4b412b535a3b5e277024572f5c4a6775 HTTP/1.1" 200 1666 "-" "Mozilla/5.0 (Windows NT 10.0; Win64; x64) AppleWebKit/537.36 (KHTML, like Gecko) Chrome/98.0.4758.109 Safari/537.36 OPR/84.0.4316.52"
::1 - - [03/Apr/2022:17:36:02 +0200] "POST /phpmyadmin/index.php?route=/config/set HTTP/1.1" 200 1596 "-" "Mozilla/5.0 (Windows NT 10.0; Win64; x64) AppleWebKit/537.36 (KHTML, like Gecko) Chrome/98.0.4758.109 Safari/537.36 OPR/84.0.4316.52"
::1 - - [03/Apr/2022:17:36:04 +0200] "GET /phpmyadmin/index.php?route=/sql&db=baza&table=image_tag&pos=0&ajax_request=true&ajax_page_request=true&_nocache=1649000164554312654&token=4b412b535a3b5e277024572f5c4a6775 HTTP/1.1" 200 5655 "-" "Mozilla/5.0 (Windows NT 10.0; Win64; x64) AppleWebKit/537.36 (KHTML, like Gecko) Chrome/98.0.4758.109 Safari/537.36 OPR/84.0.4316.52"
::1 - - [03/Apr/2022:17:36:05 +0200] "GET /phpmyadmin/index.php?route=/recent-table&ajax_request=1&recent_table=1&no_debug=true&_nocache=164900016506360925&token=4b412b535a3b5e277024572f5c4a6775 HTTP/1.1" 200 1666 "-" "Mozilla/5.0 (Windows NT 10.0; Win64; x64) AppleWebKit/537.36 (KHTML, like Gecko) Chrome/98.0.4758.109 Safari/537.36 OPR/84.0.4316.52"
::1 - - [03/Apr/2022:17:36:09 +0200] "GET /phpmyadmin/themes/pmahomme/jquery/images/ui-icons_454545_256x240.png HTTP/1.1" 200 3765 "http://localhost/phpmyadmin/themes/pmahomme/jquery/jquery-ui.css" "Mozilla/5.0 (Windows NT 10.0; Win64; x64) AppleWebKit/537.36 (KHTML, like Gecko) Chrome/98.0.4758.109 Safari/537.36 OPR/84.0.4316.52"
::1 - - [03/Apr/2022:17:36:17 +0200] "GET /phpmyadmin/index.php?route=/&ajax_request=true&ajax_page_request=true&_nocache=1649000177440152823&token=4b412b535a3b5e277024572f5c4a6775 HTTP/1.1" 200 8640 "-" "Mozilla/5.0 (Windows NT 10.0; Win64; x64) AppleWebKit/537.36 (KHTML, like Gecko) Chrome/98.0.4758.109 Safari/537.36 OPR/84.0.4316.52"
::1 - - [03/Apr/2022:17:36:17 +0200] "POST /phpmyadmin/index.php?route=/navigation&ajax_request=1 HTTP/1.1" 200 2952 "-" "Mozilla/5.0 (Windows NT 10.0; Win64; x64) AppleWebKit/537.36 (KHTML, like Gecko) Chrome/98.0.4758.109 Safari/537.36 OPR/84.0.4316.52"
::1 - - [03/Apr/2022:17:36:17 +0200] "POST /phpmyadmin/index.php?route=/version-check HTTP/1.1" 200 48 "-" "Mozilla/5.0 (Windows NT 10.0; Win64; x64) AppleWebKit/537.36 (KHTML, like Gecko) Chrome/98.0.4758.109 Safari/537.36 OPR/84.0.4316.52"
::1 - - [03/Apr/2022:17:36:17 +0200] "POST /phpmyadmin/index.php?route=/database/structure/favorite-table&ajax_request=1&favorite_table=1&sync_favorite_tables=1 HTTP/1.1" 200 176 "-" "Mozilla/5.0 (Windows NT 10.0; Win64; x64) AppleWebKit/537.36 (KHTML, like Gecko) Chrome/98.0.4758.109 Safari/537.36 OPR/84.0.4316.52"
::1 - - [03/Apr/2022:17:46:17 +0200] "GET /phpmyadmin/index.php?route=/server/databases&ajax_request=true&ajax_page_request=true&_nocache=1649000777166392156&token=4b412b535a3b5e277024572f5c4a6775 HTTP/1.1" 200 8027 "-" "Mozilla/5.0 (Windows NT 10.0; Win64; x64) AppleWebKit/537.36 (KHTML, like Gecko) Chrome/98.0.4758.109 Safari/537.36 OPR/84.0.4316.52"
::1 - - [03/Apr/2022:17:46:17 +0200] "POST /phpmyadmin/index.php?route=/navigation&ajax_request=1 HTTP/1.1" 200 2952 "-" "Mozilla/5.0 (Windows NT 10.0; Win64; x64) AppleWebKit/537.36 (KHTML, like Gecko) Chrome/98.0.4758.109 Safari/537.36 OPR/84.0.4316.52"
::1 - - [03/Apr/2022:17:46:19 +0200] "GET /phpmyadmin/index.php?route=/database/structure&db=baza&ajax_request=true&ajax_page_request=true&_nocache=1649000779041158194&token=4b412b535a3b5e277024572f5c4a6775 HTTP/1.1" 200 6809 "-" "Mozilla/5.0 (Windows NT 10.0; Win64; x64) AppleWebKit/537.36 (KHTML, like Gecko) Chrome/98.0.4758.109 Safari/537.36 OPR/84.0.4316.52"
::1 - - [03/Apr/2022:17:46:19 +0200] "POST /phpmyadmin/index.php?route=/navigation&ajax_request=1 HTTP/1.1" 200 2952 "-" "Mozilla/5.0 (Windows NT 10.0; Win64; x64) AppleWebKit/537.36 (KHTML, like Gecko) Chrome/98.0.4758.109 Safari/537.36 OPR/84.0.4316.52"
::1 - - [03/Apr/2022:17:46:23 +0200] "GET /phpmyadmin/index.php?route=/sql&db=baza&table=comment&pos=0&ajax_request=true&ajax_page_request=true&_nocache=1649000783224139976&token=4b412b535a3b5e277024572f5c4a6775 HTTP/1.1" 200 5684 "-" "Mozilla/5.0 (Windows NT 10.0; Win64; x64) AppleWebKit/537.36 (KHTML, like Gecko) Chrome/98.0.4758.109 Safari/537.36 OPR/84.0.4316.52"
::1 - - [03/Apr/2022:17:46:23 +0200] "GET /phpmyadmin/index.php?route=/recent-table&ajax_request=1&recent_table=1&no_debug=true&_nocache=1649000783658995885&token=4b412b535a3b5e277024572f5c4a6775 HTTP/1.1" 200 1676 "-" "Mozilla/5.0 (Windows NT 10.0; Win64; x64) AppleWebKit/537.36 (KHTML, like Gecko) Chrome/98.0.4758.109 Safari/537.36 OPR/84.0.4316.52"
::1 - - [03/Apr/2022:17:46:25 +0200] "GET /phpmyadmin/index.php?route=/table/structure&db=baza&table=comment&ajax_request=true&ajax_page_request=true&_nocache=164900078520469327&token=4b412b535a3b5e277024572f5c4a6775 HTTP/1.1" 200 9201 "-" "Mozilla/5.0 (Windows NT 10.0; Win64; x64) AppleWebKit/537.36 (KHTML, like Gecko) Chrome/98.0.4758.109 Safari/537.36 OPR/84.0.4316.52"
::1 - - [03/Apr/2022:17:46:25 +0200] "POST /phpmyadmin/index.php?route=/navigation&ajax_request=1 HTTP/1.1" 200 2961 "-" "Mozilla/5.0 (Windows NT 10.0; Win64; x64) AppleWebKit/537.36 (KHTML, like Gecko) Chrome/98.0.4758.109 Safari/537.36 OPR/84.0.4316.52"
::1 - - [03/Apr/2022:17:46:25 +0200] "GET /phpmyadmin/index.php?route=/recent-table&ajax_request=1&recent_table=1&no_debug=true&_nocache=1649000785578978036&token=4b412b535a3b5e277024572f5c4a6775 HTTP/1.1" 200 1676 "-" "Mozilla/5.0 (Windows NT 10.0; Win64; x64) AppleWebKit/537.36 (KHTML, like Gecko) Chrome/98.0.4758.109 Safari/537.36 OPR/84.0.4316.52"
::1 - - [03/Apr/2022:17:46:29 +0200] "GET /phpmyadmin/index.php?route=/table/sql&db=baza&table=comment&ajax_request=true&ajax_page_request=true&_nocache=1649000789826942961&token=4b412b535a3b5e277024572f5c4a6775 HTTP/1.1" 200 5596 "-" "Mozilla/5.0 (Windows NT 10.0; Win64; x64) AppleWebKit/537.36 (KHTML, like Gecko) Chrome/98.0.4758.109 Safari/537.36 OPR/84.0.4316.52"
::1 - - [03/Apr/2022:17:46:30 +0200] "POST /phpmyadmin/index.php?route=/navigation&ajax_request=1 HTTP/1.1" 200 2961 "-" "Mozilla/5.0 (Windows NT 10.0; Win64; x64) AppleWebKit/537.36 (KHTML, like Gecko) Chrome/98.0.4758.109 Safari/537.36 OPR/84.0.4316.52"
::1 - - [03/Apr/2022:17:46:30 +0200] "GET /phpmyadmin/index.php?route=/recent-table&ajax_request=1&recent_table=1&no_debug=true&_nocache=1649000790140889734&token=4b412b535a3b5e277024572f5c4a6775 HTTP/1.1" 200 1676 "-" "Mozilla/5.0 (Windows NT 10.0; Win64; x64) AppleWebKit/537.36 (KHTML, like Gecko) Chrome/98.0.4758.109 Safari/537.36 OPR/84.0.4316.52"
::1 - - [03/Apr/2022:17:46:30 +0200] "POST /phpmyadmin/index.php?route=/lint HTTP/1.1" 200 28 "-" "Mozilla/5.0 (Windows NT 10.0; Win64; x64) AppleWebKit/537.36 (KHTML, like Gecko) Chrome/98.0.4758.109 Safari/537.36 OPR/84.0.4316.52"
::1 - - [03/Apr/2022:17:46:31 +0200] "POST /phpmyadmin/index.php?route=/lint HTTP/1.1" 200 28 "-" "Mozilla/5.0 (Windows NT 10.0; Win64; x64) AppleWebKit/537.36 (KHTML, like Gecko) Chrome/98.0.4758.109 Safari/537.36 OPR/84.0.4316.52"
::1 - - [03/Apr/2022:17:46:33 +0200] "POST /phpmyadmin/index.php?route=/database/sql/autocomplete HTTP/1.1" 200 2105 "-" "Mozilla/5.0 (Windows NT 10.0; Win64; x64) AppleWebKit/537.36 (KHTML, like Gecko) Chrome/98.0.4758.109 Safari/537.36 OPR/84.0.4316.52"
::1 - - [03/Apr/2022:17:46:34 +0200] "POST /phpmyadmin/index.php?route=/lint HTTP/1.1" 200 28 "-" "Mozilla/5.0 (Windows NT 10.0; Win64; x64) AppleWebKit/537.36 (KHTML, like Gecko) Chrome/98.0.4758.109 Safari/537.36 OPR/84.0.4316.52"
::1 - - [03/Apr/2022:17:46:36 +0200] "POST /phpmyadmin/index.php?route=/lint HTTP/1.1" 200 28 "-" "Mozilla/5.0 (Windows NT 10.0; Win64; x64) AppleWebKit/537.36 (KHTML, like Gecko) Chrome/98.0.4758.109 Safari/537.36 OPR/84.0.4316.52"
::1 - - [03/Apr/2022:17:46:37 +0200] "POST /phpmyadmin/index.php?route=/lint HTTP/1.1" 200 28 "-" "Mozilla/5.0 (Windows NT 10.0; Win64; x64) AppleWebKit/537.36 (KHTML, like Gecko) Chrome/98.0.4758.109 Safari/537.36 OPR/84.0.4316.52"
::1 - - [03/Apr/2022:17:46:39 +0200] "POST /phpmyadmin/index.php?route=/lint HTTP/1.1" 200 28 "-" "Mozilla/5.0 (Windows NT 10.0; Win64; x64) AppleWebKit/537.36 (KHTML, like Gecko) Chrome/98.0.4758.109 Safari/537.36 OPR/84.0.4316.52"
::1 - - [03/Apr/2022:17:46:41 +0200] "POST /phpmyadmin/index.php?route=/lint HTTP/1.1" 200 28 "-" "Mozilla/5.0 (Windows NT 10.0; Win64; x64) AppleWebKit/537.36 (KHTML, like Gecko) Chrome/98.0.4758.109 Safari/537.36 OPR/84.0.4316.52"
::1 - - [03/Apr/2022:17:46:42 +0200] "POST /phpmyadmin/index.php?route=/lint HTTP/1.1" 200 28 "-" "Mozilla/5.0 (Windows NT 10.0; Win64; x64) AppleWebKit/537.36 (KHTML, like Gecko) Chrome/98.0.4758.109 Safari/537.36 OPR/84.0.4316.52"
::1 - - [03/Apr/2022:17:46:44 +0200] "POST /phpmyadmin/index.php?route=/lint HTTP/1.1" 200 28 "-" "Mozilla/5.0 (Windows NT 10.0; Win64; x64) AppleWebKit/537.36 (KHTML, like Gecko) Chrome/98.0.4758.109 Safari/537.36 OPR/84.0.4316.52"
::1 - - [03/Apr/2022:17:46:45 +0200] "POST /phpmyadmin/index.php?route=/lint HTTP/1.1" 200 28 "-" "Mozilla/5.0 (Windows NT 10.0; Win64; x64) AppleWebKit/537.36 (KHTML, like Gecko) Chrome/98.0.4758.109 Safari/537.36 OPR/84.0.4316.52"
::1 - - [03/Apr/2022:17:46:49 +0200] "POST /phpmyadmin/index.php?route=/lint HTTP/1.1" 200 28 "-" "Mozilla/5.0 (Windows NT 10.0; Win64; x64) AppleWebKit/537.36 (KHTML, like Gecko) Chrome/98.0.4758.109 Safari/537.36 OPR/84.0.4316.52"
::1 - - [03/Apr/2022:17:46:52 +0200] "POST /phpmyadmin/index.php?route=/lint HTTP/1.1" 200 28 "-" "Mozilla/5.0 (Windows NT 10.0; Win64; x64) AppleWebKit/537.36 (KHTML, like Gecko) Chrome/98.0.4758.109 Safari/537.36 OPR/84.0.4316.52"
::1 - - [03/Apr/2022:17:46:57 +0200] "POST /phpmyadmin/index.php?route=/lint HTTP/1.1" 200 28 "-" "Mozilla/5.0 (Windows NT 10.0; Win64; x64) AppleWebKit/537.36 (KHTML, like Gecko) Chrome/98.0.4758.109 Safari/537.36 OPR/84.0.4316.52"
::1 - - [03/Apr/2022:17:47:00 +0200] "POST /phpmyadmin/index.php?route=/lint HTTP/1.1" 200 28 "-" "Mozilla/5.0 (Windows NT 10.0; Win64; x64) AppleWebKit/537.36 (KHTML, like Gecko) Chrome/98.0.4758.109 Safari/537.36 OPR/84.0.4316.52"
::1 - - [03/Apr/2022:17:47:02 +0200] "POST /phpmyadmin/index.php?route=/lint HTTP/1.1" 200 28 "-" "Mozilla/5.0 (Windows NT 10.0; Win64; x64) AppleWebKit/537.36 (KHTML, like Gecko) Chrome/98.0.4758.109 Safari/537.36 OPR/84.0.4316.52"
::1 - - [03/Apr/2022:17:47:03 +0200] "POST /phpmyadmin/index.php?route=/lint HTTP/1.1" 200 28 "-" "Mozilla/5.0 (Windows NT 10.0; Win64; x64) AppleWebKit/537.36 (KHTML, like Gecko) Chrome/98.0.4758.109 Safari/537.36 OPR/84.0.4316.52"
::1 - - [03/Apr/2022:17:47:07 +0200] "POST /phpmyadmin/index.php?route=/import HTTP/1.1" 200 625 "-" "Mozilla/5.0 (Windows NT 10.0; Win64; x64) AppleWebKit/537.36 (KHTML, like Gecko) Chrome/98.0.4758.109 Safari/537.36 OPR/84.0.4316.52"
::1 - - [03/Apr/2022:17:47:11 +0200] "POST /phpmyadmin/index.php?route=/lint HTTP/1.1" 200 28 "-" "Mozilla/5.0 (Windows NT 10.0; Win64; x64) AppleWebKit/537.36 (KHTML, like Gecko) Chrome/98.0.4758.109 Safari/537.36 OPR/84.0.4316.52"
::1 - - [03/Apr/2022:17:47:12 +0200] "POST /phpmyadmin/index.php?route=/lint HTTP/1.1" 200 28 "-" "Mozilla/5.0 (Windows NT 10.0; Win64; x64) AppleWebKit/537.36 (KHTML, like Gecko) Chrome/98.0.4758.109 Safari/537.36 OPR/84.0.4316.52"
::1 - - [03/Apr/2022:17:47:14 +0200] "POST /phpmyadmin/index.php?route=/lint HTTP/1.1" 200 28 "-" "Mozilla/5.0 (Windows NT 10.0; Win64; x64) AppleWebKit/537.36 (KHTML, like Gecko) Chrome/98.0.4758.109 Safari/537.36 OPR/84.0.4316.52"
::1 - - [03/Apr/2022:17:47:16 +0200] "POST /phpmyadmin/index.php?route=/lint HTTP/1.1" 200 28 "-" "Mozilla/5.0 (Windows NT 10.0; Win64; x64) AppleWebKit/537.36 (KHTML, like Gecko) Chrome/98.0.4758.109 Safari/537.36 OPR/84.0.4316.52"
::1 - - [03/Apr/2022:17:47:17 +0200] "POST /phpmyadmin/index.php?route=/lint HTTP/1.1" 200 28 "-" "Mozilla/5.0 (Windows NT 10.0; Win64; x64) AppleWebKit/537.36 (KHTML, like Gecko) Chrome/98.0.4758.109 Safari/537.36 OPR/84.0.4316.52"
::1 - - [03/Apr/2022:17:47:18 +0200] "POST /phpmyadmin/index.php?route=/lint HTTP/1.1" 200 28 "-" "Mozilla/5.0 (Windows NT 10.0; Win64; x64) AppleWebKit/537.36 (KHTML, like Gecko) Chrome/98.0.4758.109 Safari/537.36 OPR/84.0.4316.52"
::1 - - [03/Apr/2022:17:47:21 +0200] "POST /phpmyadmin/index.php?route=/lint HTTP/1.1" 200 28 "-" "Mozilla/5.0 (Windows NT 10.0; Win64; x64) AppleWebKit/537.36 (KHTML, like Gecko) Chrome/98.0.4758.109 Safari/537.36 OPR/84.0.4316.52"
::1 - - [03/Apr/2022:17:47:23 +0200] "POST /phpmyadmin/index.php?route=/lint HTTP/1.1" 200 28 "-" "Mozilla/5.0 (Windows NT 10.0; Win64; x64) AppleWebKit/537.36 (KHTML, like Gecko) Chrome/98.0.4758.109 Safari/537.36 OPR/84.0.4316.52"
::1 - - [03/Apr/2022:17:47:26 +0200] "POST /phpmyadmin/index.php?route=/lint HTTP/1.1" 200 28 "-" "Mozilla/5.0 (Windows NT 10.0; Win64; x64) AppleWebKit/537.36 (KHTML, like Gecko) Chrome/98.0.4758.109 Safari/537.36 OPR/84.0.4316.52"
::1 - - [03/Apr/2022:17:47:27 +0200] "POST /phpmyadmin/index.php?route=/lint HTTP/1.1" 200 28 "-" "Mozilla/5.0 (Windows NT 10.0; Win64; x64) AppleWebKit/537.36 (KHTML, like Gecko) Chrome/98.0.4758.109 Safari/537.36 OPR/84.0.4316.52"
::1 - - [03/Apr/2022:17:47:29 +0200] "POST /phpmyadmin/index.php?route=/lint HTTP/1.1" 200 28 "-" "Mozilla/5.0 (Windows NT 10.0; Win64; x64) AppleWebKit/537.36 (KHTML, like Gecko) Chrome/98.0.4758.109 Safari/537.36 OPR/84.0.4316.52"
::1 - - [03/Apr/2022:17:47:31 +0200] "POST /phpmyadmin/index.php?route=/lint HTTP/1.1" 200 28 "-" "Mozilla/5.0 (Windows NT 10.0; Win64; x64) AppleWebKit/537.36 (KHTML, like Gecko) Chrome/98.0.4758.109 Safari/537.36 OPR/84.0.4316.52"
::1 - - [03/Apr/2022:17:47:34 +0200] "POST /phpmyadmin/index.php?route=/lint HTTP/1.1" 200 28 "-" "Mozilla/5.0 (Windows NT 10.0; Win64; x64) AppleWebKit/537.36 (KHTML, like Gecko) Chrome/98.0.4758.109 Safari/537.36 OPR/84.0.4316.52"
::1 - - [03/Apr/2022:17:47:36 +0200] "POST /phpmyadmin/index.php?route=/import HTTP/1.1" 200 611 "-" "Mozilla/5.0 (Windows NT 10.0; Win64; x64) AppleWebKit/537.36 (KHTML, like Gecko) Chrome/98.0.4758.109 Safari/537.36 OPR/84.0.4316.52"
::1 - - [03/Apr/2022:17:47:44 +0200] "POST /phpmyadmin/index.php?route=/lint HTTP/1.1" 200 155 "-" "Mozilla/5.0 (Windows NT 10.0; Win64; x64) AppleWebKit/537.36 (KHTML, like Gecko) Chrome/98.0.4758.109 Safari/537.36 OPR/84.0.4316.52"
::1 - - [03/Apr/2022:17:47:46 +0200] "POST /phpmyadmin/index.php?route=/lint HTTP/1.1" 200 28 "-" "Mozilla/5.0 (Windows NT 10.0; Win64; x64) AppleWebKit/537.36 (KHTML, like Gecko) Chrome/98.0.4758.109 Safari/537.36 OPR/84.0.4316.52"
::1 - - [03/Apr/2022:17:47:50 +0200] "POST /phpmyadmin/index.php?route=/lint HTTP/1.1" 200 28 "-" "Mozilla/5.0 (Windows NT 10.0; Win64; x64) AppleWebKit/537.36 (KHTML, like Gecko) Chrome/98.0.4758.109 Safari/537.36 OPR/84.0.4316.52"
::1 - - [03/Apr/2022:17:47:51 +0200] "POST /phpmyadmin/index.php?route=/lint HTTP/1.1" 200 28 "-" "Mozilla/5.0 (Windows NT 10.0; Win64; x64) AppleWebKit/537.36 (KHTML, like Gecko) Chrome/98.0.4758.109 Safari/537.36 OPR/84.0.4316.52"
::1 - - [03/Apr/2022:17:47:52 +0200] "POST /phpmyadmin/index.php?route=/lint HTTP/1.1" 200 28 "-" "Mozilla/5.0 (Windows NT 10.0; Win64; x64) AppleWebKit/537.36 (KHTML, like Gecko) Chrome/98.0.4758.109 Safari/537.36 OPR/84.0.4316.52"
::1 - - [03/Apr/2022:17:47:55 +0200] "POST /phpmyadmin/index.php?route=/import HTTP/1.1" 200 536 "-" "Mozilla/5.0 (Windows NT 10.0; Win64; x64) AppleWebKit/537.36 (KHTML, like Gecko) Chrome/98.0.4758.109 Safari/537.36 OPR/84.0.4316.52"
::1 - - [03/Apr/2022:17:48:01 +0200] "POST /phpmyadmin/index.php?route=/lint HTTP/1.1" 200 155 "-" "Mozilla/5.0 (Windows NT 10.0; Win64; x64) AppleWebKit/537.36 (KHTML, like Gecko) Chrome/98.0.4758.109 Safari/537.36 OPR/84.0.4316.52"
::1 - - [03/Apr/2022:17:48:03 +0200] "POST /phpmyadmin/index.php?route=/lint HTTP/1.1" 200 28 "-" "Mozilla/5.0 (Windows NT 10.0; Win64; x64) AppleWebKit/537.36 (KHTML, like Gecko) Chrome/98.0.4758.109 Safari/537.36 OPR/84.0.4316.52"
::1 - - [03/Apr/2022:17:48:05 +0200] "POST /phpmyadmin/index.php?route=/import HTTP/1.1" 200 542 "-" "Mozilla/5.0 (Windows NT 10.0; Win64; x64) AppleWebKit/537.36 (KHTML, like Gecko) Chrome/98.0.4758.109 Safari/537.36 OPR/84.0.4316.52"
::1 - - [03/Apr/2022:17:48:14 +0200] "POST /phpmyadmin/index.php?route=/lint HTTP/1.1" 200 28 "-" "Mozilla/5.0 (Windows NT 10.0; Win64; x64) AppleWebKit/537.36 (KHTML, like Gecko) Chrome/98.0.4758.109 Safari/537.36 OPR/84.0.4316.52"
::1 - - [03/Apr/2022:17:48:15 +0200] "POST /phpmyadmin/index.php?route=/import HTTP/1.1" 200 527 "-" "Mozilla/5.0 (Windows NT 10.0; Win64; x64) AppleWebKit/537.36 (KHTML, like Gecko) Chrome/98.0.4758.109 Safari/537.36 OPR/84.0.4316.52"
::1 - - [03/Apr/2022:17:48:30 +0200] "GET /phpmyadmin/index.php?route=/table/structure&db=baza&table=comment&ajax_request=true&ajax_page_request=true&_nocache=1649000910862185902&token=4b412b535a3b5e277024572f5c4a6775 HTTP/1.1" 200 9199 "-" "Mozilla/5.0 (Windows NT 10.0; Win64; x64) AppleWebKit/537.36 (KHTML, like Gecko) Chrome/98.0.4758.109 Safari/537.36 OPR/84.0.4316.52"
::1 - - [03/Apr/2022:17:48:31 +0200] "POST /phpmyadmin/index.php?route=/navigation&ajax_request=1 HTTP/1.1" 200 2961 "-" "Mozilla/5.0 (Windows NT 10.0; Win64; x64) AppleWebKit/537.36 (KHTML, like Gecko) Chrome/98.0.4758.109 Safari/537.36 OPR/84.0.4316.52"
::1 - - [03/Apr/2022:17:48:31 +0200] "GET /phpmyadmin/index.php?route=/recent-table&ajax_request=1&recent_table=1&no_debug=true&_nocache=1649000911258658967&token=4b412b535a3b5e277024572f5c4a6775 HTTP/1.1" 200 1676 "-" "Mozilla/5.0 (Windows NT 10.0; Win64; x64) AppleWebKit/537.36 (KHTML, like Gecko) Chrome/98.0.4758.109 Safari/537.36 OPR/84.0.4316.52"
::1 - - [03/Apr/2022:17:48:53 +0200] "GET /phpmyadmin/index.php?route=/table/sql&db=baza&table=comment&ajax_request=true&ajax_page_request=true&_nocache=1649000932945978646&token=4b412b535a3b5e277024572f5c4a6775 HTTP/1.1" 200 5596 "-" "Mozilla/5.0 (Windows NT 10.0; Win64; x64) AppleWebKit/537.36 (KHTML, like Gecko) Chrome/98.0.4758.109 Safari/537.36 OPR/84.0.4316.52"
::1 - - [03/Apr/2022:17:48:53 +0200] "POST /phpmyadmin/index.php?route=/navigation&ajax_request=1 HTTP/1.1" 200 2961 "-" "Mozilla/5.0 (Windows NT 10.0; Win64; x64) AppleWebKit/537.36 (KHTML, like Gecko) Chrome/98.0.4758.109 Safari/537.36 OPR/84.0.4316.52"
::1 - - [03/Apr/2022:17:48:53 +0200] "GET /phpmyadmin/index.php?route=/recent-table&ajax_request=1&recent_table=1&no_debug=true&_nocache=1649000933400316630&token=4b412b535a3b5e277024572f5c4a6775 HTTP/1.1" 200 1676 "-" "Mozilla/5.0 (Windows NT 10.0; Win64; x64) AppleWebKit/537.36 (KHTML, like Gecko) Chrome/98.0.4758.109 Safari/537.36 OPR/84.0.4316.52"
::1 - - [03/Apr/2022:17:48:53 +0200] "POST /phpmyadmin/index.php?route=/lint HTTP/1.1" 200 28 "-" "Mozilla/5.0 (Windows NT 10.0; Win64; x64) AppleWebKit/537.36 (KHTML, like Gecko) Chrome/98.0.4758.109 Safari/537.36 OPR/84.0.4316.52"
::1 - - [03/Apr/2022:17:48:55 +0200] "POST /phpmyadmin/index.php?route=/lint HTTP/1.1" 200 28 "-" "Mozilla/5.0 (Windows NT 10.0; Win64; x64) AppleWebKit/537.36 (KHTML, like Gecko) Chrome/98.0.4758.109 Safari/537.36 OPR/84.0.4316.52"
::1 - - [03/Apr/2022:17:49:00 +0200] "POST /phpmyadmin/index.php?route=/lint HTTP/1.1" 200 28 "-" "Mozilla/5.0 (Windows NT 10.0; Win64; x64) AppleWebKit/537.36 (KHTML, like Gecko) Chrome/98.0.4758.109 Safari/537.36 OPR/84.0.4316.52"
::1 - - [03/Apr/2022:17:49:03 +0200] "POST /phpmyadmin/index.php?route=/lint HTTP/1.1" 200 228 "-" "Mozilla/5.0 (Windows NT 10.0; Win64; x64) AppleWebKit/537.36 (KHTML, like Gecko) Chrome/98.0.4758.109 Safari/537.36 OPR/84.0.4316.52"
::1 - - [03/Apr/2022:17:49:04 +0200] "POST /phpmyadmin/index.php?route=/lint HTTP/1.1" 200 28 "-" "Mozilla/5.0 (Windows NT 10.0; Win64; x64) AppleWebKit/537.36 (KHTML, like Gecko) Chrome/98.0.4758.109 Safari/537.36 OPR/84.0.4316.52"
::1 - - [03/Apr/2022:17:49:04 +0200] "POST /phpmyadmin/index.php?route=/database/sql/autocomplete HTTP/1.1" 200 2105 "-" "Mozilla/5.0 (Windows NT 10.0; Win64; x64) AppleWebKit/537.36 (KHTML, like Gecko) Chrome/98.0.4758.109 Safari/537.36 OPR/84.0.4316.52"
::1 - - [03/Apr/2022:17:49:05 +0200] "POST /phpmyadmin/index.php?route=/lint HTTP/1.1" 200 28 "-" "Mozilla/5.0 (Windows NT 10.0; Win64; x64) AppleWebKit/537.36 (KHTML, like Gecko) Chrome/98.0.4758.109 Safari/537.36 OPR/84.0.4316.52"
::1 - - [03/Apr/2022:17:49:06 +0200] "POST /phpmyadmin/index.php?route=/lint HTTP/1.1" 200 28 "-" "Mozilla/5.0 (Windows NT 10.0; Win64; x64) AppleWebKit/537.36 (KHTML, like Gecko) Chrome/98.0.4758.109 Safari/537.36 OPR/84.0.4316.52"
::1 - - [03/Apr/2022:17:49:07 +0200] "POST /phpmyadmin/index.php?route=/lint HTTP/1.1" 200 28 "-" "Mozilla/5.0 (Windows NT 10.0; Win64; x64) AppleWebKit/537.36 (KHTML, like Gecko) Chrome/98.0.4758.109 Safari/537.36 OPR/84.0.4316.52"
::1 - - [03/Apr/2022:17:49:08 +0200] "POST /phpmyadmin/index.php?route=/lint HTTP/1.1" 200 213 "-" "Mozilla/5.0 (Windows NT 10.0; Win64; x64) AppleWebKit/537.36 (KHTML, like Gecko) Chrome/98.0.4758.109 Safari/537.36 OPR/84.0.4316.52"
::1 - - [03/Apr/2022:17:49:09 +0200] "POST /phpmyadmin/index.php?route=/lint HTTP/1.1" 200 28 "-" "Mozilla/5.0 (Windows NT 10.0; Win64; x64) AppleWebKit/537.36 (KHTML, like Gecko) Chrome/98.0.4758.109 Safari/537.36 OPR/84.0.4316.52"
::1 - - [03/Apr/2022:17:49:11 +0200] "POST /phpmyadmin/index.php?route=/lint HTTP/1.1" 200 28 "-" "Mozilla/5.0 (Windows NT 10.0; Win64; x64) AppleWebKit/537.36 (KHTML, like Gecko) Chrome/98.0.4758.109 Safari/537.36 OPR/84.0.4316.52"
::1 - - [03/Apr/2022:17:49:19 +0200] "POST /phpmyadmin/index.php?route=/lint HTTP/1.1" 200 28 "-" "Mozilla/5.0 (Windows NT 10.0; Win64; x64) AppleWebKit/537.36 (KHTML, like Gecko) Chrome/98.0.4758.109 Safari/537.36 OPR/84.0.4316.52"
::1 - - [03/Apr/2022:17:49:22 +0200] "POST /phpmyadmin/index.php?route=/lint HTTP/1.1" 200 28 "-" "Mozilla/5.0 (Windows NT 10.0; Win64; x64) AppleWebKit/537.36 (KHTML, like Gecko) Chrome/98.0.4758.109 Safari/537.36 OPR/84.0.4316.52"
::1 - - [03/Apr/2022:17:49:26 +0200] "POST /phpmyadmin/index.php?route=/lint HTTP/1.1" 200 28 "-" "Mozilla/5.0 (Windows NT 10.0; Win64; x64) AppleWebKit/537.36 (KHTML, like Gecko) Chrome/98.0.4758.109 Safari/537.36 OPR/84.0.4316.52"
::1 - - [03/Apr/2022:17:49:27 +0200] "POST /phpmyadmin/index.php?route=/lint HTTP/1.1" 200 28 "-" "Mozilla/5.0 (Windows NT 10.0; Win64; x64) AppleWebKit/537.36 (KHTML, like Gecko) Chrome/98.0.4758.109 Safari/537.36 OPR/84.0.4316.52"
::1 - - [03/Apr/2022:17:49:30 +0200] "POST /phpmyadmin/index.php?route=/lint HTTP/1.1" 200 28 "-" "Mozilla/5.0 (Windows NT 10.0; Win64; x64) AppleWebKit/537.36 (KHTML, like Gecko) Chrome/98.0.4758.109 Safari/537.36 OPR/84.0.4316.52"
::1 - - [03/Apr/2022:17:49:31 +0200] "POST /phpmyadmin/index.php?route=/lint HTTP/1.1" 200 28 "-" "Mozilla/5.0 (Windows NT 10.0; Win64; x64) AppleWebKit/537.36 (KHTML, like Gecko) Chrome/98.0.4758.109 Safari/537.36 OPR/84.0.4316.52"
::1 - - [03/Apr/2022:17:49:32 +0200] "POST /phpmyadmin/index.php?route=/import HTTP/1.1" 200 529 "-" "Mozilla/5.0 (Windows NT 10.0; Win64; x64) AppleWebKit/537.36 (KHTML, like Gecko) Chrome/98.0.4758.109 Safari/537.36 OPR/84.0.4316.52"
::1 - - [03/Apr/2022:17:49:47 +0200] "POST /phpmyadmin/index.php?route=/lint HTTP/1.1" 200 28 "-" "Mozilla/5.0 (Windows NT 10.0; Win64; x64) AppleWebKit/537.36 (KHTML, like Gecko) Chrome/98.0.4758.109 Safari/537.36 OPR/84.0.4316.52"
::1 - - [03/Apr/2022:17:49:48 +0200] "POST /phpmyadmin/index.php?route=/lint HTTP/1.1" 200 28 "-" "Mozilla/5.0 (Windows NT 10.0; Win64; x64) AppleWebKit/537.36 (KHTML, like Gecko) Chrome/98.0.4758.109 Safari/537.36 OPR/84.0.4316.52"
::1 - - [03/Apr/2022:17:49:49 +0200] "POST /phpmyadmin/index.php?route=/import HTTP/1.1" 200 592 "-" "Mozilla/5.0 (Windows NT 10.0; Win64; x64) AppleWebKit/537.36 (KHTML, like Gecko) Chrome/98.0.4758.109 Safari/537.36 OPR/84.0.4316.52"
::1 - - [03/Apr/2022:17:50:03 +0200] "POST /phpmyadmin/index.php?route=/lint HTTP/1.1" 200 28 "-" "Mozilla/5.0 (Windows NT 10.0; Win64; x64) AppleWebKit/537.36 (KHTML, like Gecko) Chrome/98.0.4758.109 Safari/537.36 OPR/84.0.4316.52"
::1 - - [03/Apr/2022:17:50:04 +0200] "POST /phpmyadmin/index.php?route=/import HTTP/1.1" 200 529 "-" "Mozilla/5.0 (Windows NT 10.0; Win64; x64) AppleWebKit/537.36 (KHTML, like Gecko) Chrome/98.0.4758.109 Safari/537.36 OPR/84.0.4316.52"
::1 - - [03/Apr/2022:17:50:08 +0200] "POST /phpmyadmin/index.php?route=/lint HTTP/1.1" 200 28 "-" "Mozilla/5.0 (Windows NT 10.0; Win64; x64) AppleWebKit/537.36 (KHTML, like Gecko) Chrome/98.0.4758.109 Safari/537.36 OPR/84.0.4316.52"
::1 - - [03/Apr/2022:17:50:11 +0200] "POST /phpmyadmin/index.php?route=/import HTTP/1.1" 200 519 "-" "Mozilla/5.0 (Windows NT 10.0; Win64; x64) AppleWebKit/537.36 (KHTML, like Gecko) Chrome/98.0.4758.109 Safari/537.36 OPR/84.0.4316.52"
::1 - - [03/Apr/2022:17:50:14 +0200] "POST /phpmyadmin/index.php?route=/lint HTTP/1.1" 200 28 "-" "Mozilla/5.0 (Windows NT 10.0; Win64; x64) AppleWebKit/537.36 (KHTML, like Gecko) Chrome/98.0.4758.109 Safari/537.36 OPR/84.0.4316.52"
::1 - - [03/Apr/2022:17:50:14 +0200] "POST /phpmyadmin/index.php?route=/import HTTP/1.1" 200 626 "-" "Mozilla/5.0 (Windows NT 10.0; Win64; x64) AppleWebKit/537.36 (KHTML, like Gecko) Chrome/98.0.4758.109 Safari/537.36 OPR/84.0.4316.52"
