[Mon Mar 28 11:17:42.248368 2022] [ssl:warn] [pid 17580:tid 588] AH01909: www.example.com:443:0 server certificate does NOT include an ID which matches the server name
[Mon Mar 28 11:17:42.296336 2022] [ssl:warn] [pid 17580:tid 588] AH01909: www.example.com:443:0 server certificate does NOT include an ID which matches the server name
[Mon Mar 28 11:17:42.552372 2022] [mpm_winnt:notice] [pid 17580:tid 588] AH00455: Apache/2.4.52 (Win64) OpenSSL/1.1.1m PHP/8.1.4 configured -- resuming normal operations
[Mon Mar 28 11:17:42.552372 2022] [mpm_winnt:notice] [pid 17580:tid 588] AH00456: Apache Lounge VS16 Server built: Dec 17 2021 10:17:38
[Mon Mar 28 11:17:42.552372 2022] [core:notice] [pid 17580:tid 588] AH00094: Command line: 'apache\\bin\\httpd.exe -d C:/Github/galeria/php/sym/xampp/apache -f conf\\httpd.conf'
[Mon Mar 28 11:17:42.576335 2022] [mpm_winnt:notice] [pid 17580:tid 588] AH00418: Parent: Created child process 12140
Apache server shutdown initiated...
sl:warn] [pid 12140:tid 592] AH01909: www.example.com:443:0 server certificate does NOT include an ID which matches the server name
[Mon Mar 28 11:17:43.008366 2022] [ssl:warn] [pid 12140:tid 592] AH01909: www.example.com:443:0 server certificate does NOT include an ID which matches the server name
[Mon Mar 28 11:17:43.048368 2022] [mpm_winnt:notice] [pid 12140:tid 592] AH00354: Child: Starting 150 worker threads.
[Mon Mar 28 11:18:28.759793 2022] [mpm_winnt:notice] [pid 17580:tid 588] AH00422: Parent: Received shutdown signal -- Shutting down the server.
[Mon Mar 28 11:18:38.384614 2022] [ssl:warn] [pid 10216:tid 588] AH01909: www.example.com:443:0 server certificate does NOT include an ID which matches the server name
[Mon Mar 28 11:18:38.424853 2022] [core:warn] [pid 10216:tid 588] AH00098: pid file C:/Github/galeria/php/sym/xampp/apache/logs/httpd.pid overwritten -- Unclean shutdown of previous Apache run?
[Mon Mar 28 11:18:38.424853 2022] [ssl:warn] [pid 10216:tid 588] AH01909: www.example.com:443:0 server certificate does NOT include an ID which matches the server name
[Mon Mar 28 11:18:38.464615 2022] [mpm_winnt:notice] [pid 10216:tid 588] AH00455: Apache/2.4.52 (Win64) OpenSSL/1.1.1m PHP/8.1.4 configured -- resuming normal operations
[Mon Mar 28 11:18:38.464615 2022] [mpm_winnt:notice] [pid 10216:tid 588] AH00456: Apache Lounge VS16 Server built: Dec 17 2021 10:17:38
[Mon Mar 28 11:18:38.464615 2022] [core:notice] [pid 10216:tid 588] AH00094: Command line: 'c:\\github\\galeria\\php\\sym\\xampp\\apache\\bin\\httpd.exe -d C:/Github/galeria/php/sym/xampp/apache'
[Mon Mar 28 11:18:38.464615 2022] [mpm_winnt:notice] [pid 10216:tid 588] AH00418: Parent: Created child process 12420
[Mon Mar 28 11:18:38.952768 2022] [ssl:warn] [pid 12420:tid 600] AH01909: www.example.com:443:0 server certificate does NOT include an ID which matches the server name
[Mon Mar 28 11:18:38.984581 2022] [ssl:warn] [pid 12420:tid 600] AH01909: www.example.com:443:0 server certificate does NOT include an ID which matches the server name
[Mon Mar 28 11:18:39.024585 2022] [mpm_winnt:notice] [pid 12420:tid 600] AH00354: Child: Starting 150 worker threads.
[Mon Mar 28 11:18:52.707096 2022] [ssl:warn] [pid 7204:tid 604] AH01909: www.example.com:443:0 server certificate does NOT include an ID which matches the server name
[Mon Mar 28 11:18:52.747320 2022] [core:warn] [pid 7204:tid 604] AH00098: pid file C:/Github/galeria/php/sym/xampp/apache/logs/httpd.pid overwritten -- Unclean shutdown of previous Apache run?
[Mon Mar 28 11:18:52.747320 2022] [ssl:warn] [pid 7204:tid 604] AH01909: www.example.com:443:0 server certificate does NOT include an ID which matches the server name
[Mon Mar 28 11:18:52.787097 2022] [mpm_winnt:notice] [pid 7204:tid 604] AH00455: Apache/2.4.52 (Win64) OpenSSL/1.1.1m PHP/8.1.4 configured -- resuming normal operations
[Mon Mar 28 11:18:52.787097 2022] [mpm_winnt:notice] [pid 7204:tid 604] AH00456: Apache Lounge VS16 Server built: Dec 17 2021 10:17:38
[Mon Mar 28 11:18:52.787097 2022] [core:notice] [pid 7204:tid 604] AH00094: Command line: 'c:\\github\\galeria\\php\\sym\\xampp\\apache\\bin\\httpd.exe -d C:/Github/galeria/php/sym/xampp/apache'
[Mon Mar 28 11:18:52.787097 2022] [mpm_winnt:notice] [pid 7204:tid 604] AH00418: Parent: Created child process 13912
[Mon Mar 28 11:18:53.115064 2022] [ssl:warn] [pid 13912:tid 600] AH01909: www.example.com:443:0 server certificate does NOT include an ID which matches the server name
[Mon Mar 28 11:18:53.147097 2022] [ssl:warn] [pid 13912:tid 600] AH01909: www.example.com:443:0 server certificate does NOT include an ID which matches the server name
[Mon Mar 28 11:18:53.195098 2022] [mpm_winnt:notice] [pid 13912:tid 600] AH00354: Child: Starting 150 worker threads.
[Mon Mar 28 11:19:57.319124 2022] [ssl:warn] [pid 5992:tid 604] AH01909: www.example.com:443:0 server certificate does NOT include an ID which matches the server name
[Mon Mar 28 11:19:57.350335 2022] [core:warn] [pid 5992:tid 604] AH00098: pid file C:/Github/galeria/php/sym/xampp/apache/logs/httpd.pid overwritten -- Unclean shutdown of previous Apache run?
[Mon Mar 28 11:19:57.350335 2022] [ssl:warn] [pid 5992:tid 604] AH01909: www.example.com:443:0 server certificate does NOT include an ID which matches the server name
[Mon Mar 28 11:19:57.381579 2022] [mpm_winnt:notice] [pid 5992:tid 604] AH00455: Apache/2.4.52 (Win64) OpenSSL/1.1.1m PHP/8.1.4 configured -- resuming normal operations
[Mon Mar 28 11:19:57.381579 2022] [mpm_winnt:notice] [pid 5992:tid 604] AH00456: Apache Lounge VS16 Server built: Dec 17 2021 10:17:38
[Mon Mar 28 11:19:57.381579 2022] [core:notice] [pid 5992:tid 604] AH00094: Command line: 'apache\\bin\\httpd.exe -d C:/Github/galeria/php/sym/xampp/apache -f conf\\httpd.conf'
[Mon Mar 28 11:19:57.397198 2022] [mpm_winnt:notice] [pid 5992:tid 604] AH00418: Parent: Created child process 12432
[Mon Mar 28 11:19:57.709626 2022] [ssl:warn] [pid 12432:tid 608] AH01909: www.example.com:443:0 server certificate does NOT include an ID which matches the server name
[Mon Mar 28 11:19:57.740868 2022] [ssl:warn] [pid 12432:tid 608] AH01909: www.example.com:443:0 server certificate does NOT include an ID which matches the server name
[Mon Mar 28 11:19:57.772145 2022] [mpm_winnt:notice] [pid 12432:tid 608] AH00354: Child: Starting 150 worker threads.
[Mon Mar 28 11:21:41.999391 2022] [ssl:warn] [pid 12552:tid 600] AH01909: www.example.com:443:0 server certificate does NOT include an ID which matches the server name
[Mon Mar 28 11:21:42.046254 2022] [core:warn] [pid 12552:tid 600] AH00098: pid file C:/Github/galeria/php/sym/xampp/apache/logs/httpd.pid overwritten -- Unclean shutdown of previous Apache run?
[Mon Mar 28 11:21:42.046254 2022] [ssl:warn] [pid 12552:tid 600] AH01909: www.example.com:443:0 server certificate does NOT include an ID which matches the server name
[Mon Mar 28 11:21:42.077529 2022] [mpm_winnt:notice] [pid 12552:tid 600] AH00455: Apache/2.4.52 (Win64) OpenSSL/1.1.1m PHP/8.1.4 configured -- resuming normal operations
[Mon Mar 28 11:21:42.077529 2022] [mpm_winnt:notice] [pid 12552:tid 600] AH00456: Apache Lounge VS16 Server built: Dec 17 2021 10:17:38
[Mon Mar 28 11:21:42.077529 2022] [core:notice] [pid 12552:tid 600] AH00094: Command line: 'c:\\github\\galeria\\php\\sym\\xampp\\apache\\bin\\httpd.exe -d C:/Github/galeria/php/sym/xampp/apache'
[Mon Mar 28 11:21:42.077529 2022] [mpm_winnt:notice] [pid 12552:tid 600] AH00418: Parent: Created child process 14140
[Mon Mar 28 11:21:42.593001 2022] [ssl:warn] [pid 14140:tid 592] AH01909: www.example.com:443:0 server certificate does NOT include an ID which matches the server name
[Mon Mar 28 11:21:42.639865 2022] [ssl:warn] [pid 14140:tid 592] AH01909: www.example.com:443:0 server certificate does NOT include an ID which matches the server name
[Mon Mar 28 11:21:42.671140 2022] [mpm_winnt:notice] [pid 14140:tid 592] AH00354: Child: Starting 150 worker threads.
[Mon Mar 28 11:25:06.767232 2022] [ssl:warn] [pid 11400:tid 608] AH01909: www.example.com:443:0 server certificate does NOT include an ID which matches the server name
[Mon Mar 28 11:25:06.799233 2022] [core:warn] [pid 11400:tid 608] AH00098: pid file C:/Github/galeria/php/sym/xampp/apache/logs/httpd.pid overwritten -- Unclean shutdown of previous Apache run?
[Mon Mar 28 11:25:06.807231 2022] [ssl:warn] [pid 11400:tid 608] AH01909: www.example.com:443:0 server certificate does NOT include an ID which matches the server name
[Mon Mar 28 11:25:06.847237 2022] [mpm_winnt:notice] [pid 11400:tid 608] AH00455: Apache/2.4.52 (Win64) OpenSSL/1.1.1m PHP/8.1.4 configured -- resuming normal operations
[Mon Mar 28 11:25:06.847237 2022] [mpm_winnt:notice] [pid 11400:tid 608] AH00456: Apache Lounge VS16 Server built: Dec 17 2021 10:17:38
[Mon Mar 28 11:25:06.847237 2022] [core:notice] [pid 11400:tid 608] AH00094: Command line: 'c:\\github\\galeria\\php\\sym\\xampp\\apache\\bin\\httpd.exe -d C:/Github/galeria/php/sym/xampp/apache'
[Mon Mar 28 11:25:06.847237 2022] [mpm_winnt:notice] [pid 11400:tid 608] AH00418: Parent: Created child process 14540
[Mon Mar 28 11:25:07.167264 2022] [ssl:warn] [pid 14540:tid 592] AH01909: www.example.com:443:0 server certificate does NOT include an ID which matches the server name
[Mon Mar 28 11:25:07.199231 2022] [ssl:warn] [pid 14540:tid 592] AH01909: www.example.com:443:0 server certificate does NOT include an ID which matches the server name
[Mon Mar 28 11:25:07.231263 2022] [mpm_winnt:notice] [pid 14540:tid 592] AH00354: Child: Starting 150 worker threads.
[Mon Mar 28 19:26:25.535110 2022] [ssl:warn] [pid 976:tid 616] AH01909: www.example.com:443:0 server certificate does NOT include an ID which matches the server name
[Mon Mar 28 19:26:25.647384 2022] [core:warn] [pid 976:tid 616] AH00098: pid file C:/Github/galeria/xampp/apache/logs/httpd.pid overwritten -- Unclean shutdown of previous Apache run?
[Mon Mar 28 19:26:25.655664 2022] [ssl:warn] [pid 976:tid 616] AH01909: www.example.com:443:0 server certificate does NOT include an ID which matches the server name
[Mon Mar 28 19:26:25.936405 2022] [mpm_winnt:notice] [pid 976:tid 616] AH00455: Apache/2.4.52 (Win64) OpenSSL/1.1.1m PHP/8.1.4 configured -- resuming normal operations
[Mon Mar 28 19:26:25.936405 2022] [mpm_winnt:notice] [pid 976:tid 616] AH00456: Apache Lounge VS16 Server built: Dec 17 2021 10:17:38
[Mon Mar 28 19:26:25.936405 2022] [core:notice] [pid 976:tid 616] AH00094: Command line: 'c:\\github\\galeria\\xampp\\apache\\bin\\httpd.exe -d C:/Github/galeria/xampp/apache'
[Mon Mar 28 19:26:25.952405 2022] [mpm_winnt:notice] [pid 976:tid 616] AH00418: Parent: Created child process 5832
[Mon Mar 28 19:26:26.436289 2022] [ssl:warn] [pid 5832:tid 624] AH01909: www.example.com:443:0 server certificate does NOT include an ID which matches the server name
[Mon Mar 28 19:26:26.532781 2022] [ssl:warn] [pid 5832:tid 624] AH01909: www.example.com:443:0 server certificate does NOT include an ID which matches the server name
[Mon Mar 28 19:26:26.629219 2022] [mpm_winnt:notice] [pid 5832:tid 624] AH00354: Child: Starting 150 worker threads.
[Sun Apr 03 17:16:58.986794 2022] [ssl:warn] [pid 3560:tid 640] AH01909: www.example.com:443:0 server certificate does NOT include an ID which matches the server name
[Sun Apr 03 17:16:59.024693 2022] [core:warn] [pid 3560:tid 640] AH00098: pid file C:/Github/galeria/xampp/apache/logs/httpd.pid overwritten -- Unclean shutdown of previous Apache run?
[Sun Apr 03 17:16:59.027683 2022] [ssl:warn] [pid 3560:tid 640] AH01909: www.example.com:443:0 server certificate does NOT include an ID which matches the server name
[Sun Apr 03 17:16:59.098494 2022] [mpm_winnt:notice] [pid 3560:tid 640] AH00455: Apache/2.4.52 (Win64) OpenSSL/1.1.1m PHP/8.1.4 configured -- resuming normal operations
[Sun Apr 03 17:16:59.098494 2022] [mpm_winnt:notice] [pid 3560:tid 640] AH00456: Apache Lounge VS16 Server built: Dec 17 2021 10:17:38
[Sun Apr 03 17:16:59.098494 2022] [core:notice] [pid 3560:tid 640] AH00094: Command line: 'c:\\github\\galeria\\xampp\\apache\\bin\\httpd.exe -d C:/Github/galeria/xampp/apache'
[Sun Apr 03 17:16:59.101486 2022] [mpm_winnt:notice] [pid 3560:tid 640] AH00418: Parent: Created child process 14548
[Sun Apr 03 17:16:59.479674 2022] [ssl:warn] [pid 14548:tid 612] AH01909: www.example.com:443:0 server certificate does NOT include an ID which matches the server name
[Sun Apr 03 17:16:59.514123 2022] [ssl:warn] [pid 14548:tid 612] AH01909: www.example.com:443:0 server certificate does NOT include an ID which matches the server name
[Sun Apr 03 17:16:59.557010 2022] [mpm_winnt:notice] [pid 14548:tid 612] AH00354: Child: Starting 150 worker threads.
[Sun Apr 03 17:53:30.938686 2022] [ssl:warn] [pid 17976:tid 588] AH01909: www.example.com:443:0 server certificate does NOT include an ID which matches the server name
[Sun Apr 03 17:53:30.976557 2022] [core:warn] [pid 17976:tid 588] AH00098: pid file C:/Github/galeria/xampp/apache/logs/httpd.pid overwritten -- Unclean shutdown of previous Apache run?
[Sun Apr 03 17:53:30.979577 2022] [ssl:warn] [pid 17976:tid 588] AH01909: www.example.com:443:0 server certificate does NOT include an ID which matches the server name
[Sun Apr 03 17:53:31.023426 2022] [mpm_winnt:notice] [pid 17976:tid 588] AH00455: Apache/2.4.52 (Win64) OpenSSL/1.1.1m PHP/8.1.4 configured -- resuming normal operations
[Sun Apr 03 17:53:31.023426 2022] [mpm_winnt:notice] [pid 17976:tid 588] AH00456: Apache Lounge VS16 Server built: Dec 17 2021 10:17:38
[Sun Apr 03 17:53:31.023426 2022] [core:notice] [pid 17976:tid 588] AH00094: Command line: 'c:\\github\\galeria\\xampp\\apache\\bin\\httpd.exe -d C:/Github/galeria/xampp/apache'
[Sun Apr 03 17:53:31.026444 2022] [mpm_winnt:notice] [pid 17976:tid 588] AH00418: Parent: Created child process 4484
[Sun Apr 03 17:53:31.426102 2022] [ssl:warn] [pid 4484:tid 660] AH01909: www.example.com:443:0 server certificate does NOT include an ID which matches the server name
[Sun Apr 03 17:53:31.462518 2022] [ssl:warn] [pid 4484:tid 660] AH01909: www.example.com:443:0 server certificate does NOT include an ID which matches the server name
[Sun Apr 03 17:53:31.503407 2022] [mpm_winnt:notice] [pid 4484:tid 660] AH00354: Child: Starting 150 worker threads.
[Sun Apr 03 18:10:59.867325 2022] [ssl:warn] [pid 1524:tid 588] AH01909: www.example.com:443:0 server certificate does NOT include an ID which matches the server name
[Sun Apr 03 18:10:59.910785 2022] [core:warn] [pid 1524:tid 588] AH00098: pid file C:/Github/galeria/xampp/apache/logs/httpd.pid overwritten -- Unclean shutdown of previous Apache run?
[Sun Apr 03 18:10:59.912796 2022] [ssl:warn] [pid 1524:tid 588] AH01909: www.example.com:443:0 server certificate does NOT include an ID which matches the server name
[Sun Apr 03 18:10:59.953665 2022] [mpm_winnt:notice] [pid 1524:tid 588] AH00455: Apache/2.4.52 (Win64) OpenSSL/1.1.1m PHP/8.1.4 configured -- resuming normal operations
[Sun Apr 03 18:10:59.953665 2022] [mpm_winnt:notice] [pid 1524:tid 588] AH00456: Apache Lounge VS16 Server built: Dec 17 2021 10:17:38
[Sun Apr 03 18:10:59.953665 2022] [core:notice] [pid 1524:tid 588] AH00094: Command line: 'c:\\github\\galeria\\xampp\\apache\\bin\\httpd.exe -d C:/Github/galeria/xampp/apache'
[Sun Apr 03 18:10:59.955659 2022] [mpm_winnt:notice] [pid 1524:tid 588] AH00418: Parent: Created child process 6136
[Sun Apr 03 18:11:00.305307 2022] [ssl:warn] [pid 6136:tid 592] AH01909: www.example.com:443:0 server certificate does NOT include an ID which matches the server name
[Sun Apr 03 18:11:00.337221 2022] [ssl:warn] [pid 6136:tid 592] AH01909: www.example.com:443:0 server certificate does NOT include an ID which matches the server name
[Sun Apr 03 18:11:00.374090 2022] [mpm_winnt:notice] [pid 6136:tid 592] AH00354: Child: Starting 150 worker threads.
[Fri Apr 22 16:33:00.618755 2022] [ssl:warn] [pid 11900:tid 392] AH01909: www.example.com:443:0 server certificate does NOT include an ID which matches the server name
[Fri Apr 22 16:33:00.666079 2022] [core:warn] [pid 11900:tid 392] AH00098: pid file C:/Github/galeria/xampp/apache/logs/httpd.pid overwritten -- Unclean shutdown of previous Apache run?
[Fri Apr 22 16:33:00.666079 2022] [ssl:warn] [pid 11900:tid 392] AH01909: www.example.com:443:0 server certificate does NOT include an ID which matches the server name
[Fri Apr 22 16:33:00.728569 2022] [mpm_winnt:notice] [pid 11900:tid 392] AH00455: Apache/2.4.52 (Win64) OpenSSL/1.1.1m PHP/8.1.4 configured -- resuming normal operations
[Fri Apr 22 16:33:00.744206 2022] [mpm_winnt:notice] [pid 11900:tid 392] AH00456: Apache Lounge VS16 Server built: Dec 17 2021 10:17:38
[Fri Apr 22 16:33:00.744206 2022] [core:notice] [pid 11900:tid 392] AH00094: Command line: 'c:\\github\\galeria\\xampp\\apache\\bin\\httpd.exe -d C:/Github/galeria/xampp/apache'
[Fri Apr 22 16:33:00.744206 2022] [mpm_winnt:notice] [pid 11900:tid 392] AH00418: Parent: Created child process 9540
[Fri Apr 22 16:33:01.182398 2022] [ssl:warn] [pid 9540:tid 596] AH01909: www.example.com:443:0 server certificate does NOT include an ID which matches the server name
[Fri Apr 22 16:33:01.229266 2022] [ssl:warn] [pid 9540:tid 596] AH01909: www.example.com:443:0 server certificate does NOT include an ID which matches the server name
[Fri Apr 22 16:33:01.276208 2022] [mpm_winnt:notice] [pid 9540:tid 596] AH00354: Child: Starting 150 worker threads.
[Fri Apr 22 16:53:54.343155 2022] [ssl:warn] [pid 18424:tid 600] AH01909: www.example.com:443:0 server certificate does NOT include an ID which matches the server name
[Fri Apr 22 16:53:54.388033 2022] [core:warn] [pid 18424:tid 600] AH00098: pid file C:/Github/galeria/xampp/apache/logs/httpd.pid overwritten -- Unclean shutdown of previous Apache run?
[Fri Apr 22 16:53:54.391025 2022] [ssl:warn] [pid 18424:tid 600] AH01909: www.example.com:443:0 server certificate does NOT include an ID which matches the server name
[Fri Apr 22 16:53:54.430953 2022] [mpm_winnt:notice] [pid 18424:tid 600] AH00455: Apache/2.4.52 (Win64) OpenSSL/1.1.1m PHP/8.1.4 configured -- resuming normal operations
[Fri Apr 22 16:53:54.430953 2022] [mpm_winnt:notice] [pid 18424:tid 600] AH00456: Apache Lounge VS16 Server built: Dec 17 2021 10:17:38
[Fri Apr 22 16:53:54.430953 2022] [core:notice] [pid 18424:tid 600] AH00094: Command line: 'c:\\github\\galeria\\xampp\\apache\\bin\\httpd.exe -d C:/Github/galeria/xampp/apache'
[Fri Apr 22 16:53:54.433911 2022] [mpm_winnt:notice] [pid 18424:tid 600] AH00418: Parent: Created child process 6808
[Fri Apr 22 16:53:54.889459 2022] [ssl:warn] [pid 6808:tid 608] AH01909: www.example.com:443:0 server certificate does NOT include an ID which matches the server name
[Fri Apr 22 16:53:54.924365 2022] [ssl:warn] [pid 6808:tid 608] AH01909: www.example.com:443:0 server certificate does NOT include an ID which matches the server name
[Fri Apr 22 16:53:54.972238 2022] [mpm_winnt:notice] [pid 6808:tid 608] AH00354: Child: Starting 150 worker threads.
[Sat Apr 23 18:24:42.505186 2022] [ssl:warn] [pid 4444:tid 596] AH01909: www.example.com:443:0 server certificate does NOT include an ID which matches the server name
[Sat Apr 23 18:24:42.538098 2022] [core:warn] [pid 4444:tid 596] AH00098: pid file C:/Github/galeria/xampp/apache/logs/httpd.pid overwritten -- Unclean shutdown of previous Apache run?
[Sat Apr 23 18:24:42.541092 2022] [ssl:warn] [pid 4444:tid 596] AH01909: www.example.com:443:0 server certificate does NOT include an ID which matches the server name
[Sat Apr 23 18:24:42.607912 2022] [mpm_winnt:notice] [pid 4444:tid 596] AH00455: Apache/2.4.52 (Win64) OpenSSL/1.1.1m PHP/8.1.4 configured -- resuming normal operations
[Sat Apr 23 18:24:42.607912 2022] [mpm_winnt:notice] [pid 4444:tid 596] AH00456: Apache Lounge VS16 Server built: Dec 17 2021 10:17:38
[Sat Apr 23 18:24:42.607912 2022] [core:notice] [pid 4444:tid 596] AH00094: Command line: 'c:\\github\\galeria\\xampp\\apache\\bin\\httpd.exe -d C:/Github/galeria/xampp/apache'
[Sat Apr 23 18:24:42.610906 2022] [mpm_winnt:notice] [pid 4444:tid 596] AH00418: Parent: Created child process 2972
[Sat Apr 23 18:24:42.937657 2022] [ssl:warn] [pid 2972:tid 392] AH01909: www.example.com:443:0 server certificate does NOT include an ID which matches the server name
[Sat Apr 23 18:24:42.972594 2022] [ssl:warn] [pid 2972:tid 392] AH01909: www.example.com:443:0 server certificate does NOT include an ID which matches the server name
[Sat Apr 23 18:24:43.008467 2022] [mpm_winnt:notice] [pid 2972:tid 392] AH00354: Child: Starting 150 worker threads.
